2025-02-27 19:49:06,576 - INFO - Configurations:
2025-02-27 19:49:06,576 - INFO -   data_root: /scratch/zf281/ready_to_use
2025-02-27 19:49:06,576 - INFO -   batch_size: 32768
2025-02-27 19:49:06,576 - INFO -   epochs: 10
2025-02-27 19:49:06,576 - INFO -   learning_rate: 0.1
2025-02-27 19:49:06,576 - INFO -   barlow_lambda: 0.005
2025-02-27 19:49:06,576 - INFO -   fusion_method: sum
2025-02-27 19:49:06,577 - INFO -   latent_dim: 128
2025-02-27 19:49:06,577 - INFO -   projector_hidden_dim: 512
2025-02-27 19:49:06,577 - INFO -   projector_out_dim: 512
2025-02-27 19:49:06,577 - INFO -   min_valid_timesteps: 5
2025-02-27 19:49:06,577 - INFO -   sample_size_s2: 20
2025-02-27 19:49:06,577 - INFO -   sample_size_s1: 20
2025-02-27 19:49:06,577 - INFO -   num_workers: 0
2025-02-27 19:49:06,577 - INFO -   shuffle_tiles: True
2025-02-27 19:49:06,577 - INFO -   log_interval_steps: 10
2025-02-27 19:49:06,578 - INFO -   val_interval_steps: 300
2025-02-27 19:49:06,578 - INFO -   eval_method: linear_probe
2025-02-27 19:49:06,578 - INFO -   val_s2_bands_file_path: /maps/zf281/btfm-training-10.4/maddy_code/data_processed/MGRS_33UXP/bands_downsample_100.npy
2025-02-27 19:49:06,578 - INFO -   val_s2_masks_file_path: /maps/zf281/btfm-training-10.4/maddy_code/data_processed/MGRS_33UXP/masks_downsample_100.npy
2025-02-27 19:49:06,578 - INFO -   val_s2_doy_file_path: /maps/zf281/btfm-training-10.4/maddy_code/data_processed/MGRS_33UXP/doys.npy
2025-02-27 19:49:06,578 - INFO -   val_s1_asc_bands_file_path: /maps/zf281/btfm-training-10.4/maddy_code/data_processed/MGRS_33UXP/sar_ascending_downsample_100.npy
2025-02-27 19:49:06,578 - INFO -   val_s1_asc_doy_file_path: /maps/zf281/btfm-training-10.4/maddy_code/data_processed/MGRS_33UXP/sar_ascending_doy.npy
2025-02-27 19:49:06,579 - INFO -   val_s1_desc_bands_file_path: /maps/zf281/btfm-training-10.4/maddy_code/data_processed/MGRS_33UXP/sar_descending_downsample_100.npy
2025-02-27 19:49:06,579 - INFO -   val_s1_desc_doy_file_path: /maps/zf281/btfm-training-10.4/maddy_code/data_processed/MGRS_33UXP/sar_descending_doy.npy
2025-02-27 19:49:06,579 - INFO -   val_labels_path: /maps/zf281/btfm-training-10.4/maddy_code/data_processed/fieldtype_17classes_downsample_100.npy
2025-02-27 19:49:06,579 - INFO -   warmup_ratio: 0.2
2025-02-27 19:49:06,579 - INFO -   plateau_ratio: 0.1
2025-02-27 19:49:06,580 - INFO -   apply_mixup: True
2025-02-27 19:49:06,580 - INFO -   mixup_lambda: 1.0
2025-02-27 19:49:06,580 - INFO -   beta_alpha: 1.0
2025-02-27 19:49:06,581 - INFO -   beta_beta: 1.0
2025-02-27 19:49:06,581 - INFO -   rust_cmd: RUST_LOG=debug src/utils/training-data-preprocessing --data-root /scratch/zf281/global --output-dir /scratch/zf281/ready_to_use --tile-batch 60 --time-steps 20 --chunk-size 1000000 --min-valid-timesteps 10
2025-02-27 19:49:06,581 - INFO -   tile_path: /scratch/zf281/jovana/data_processed/11SLA
2025-02-27 19:49:06,581 - INFO -   checkpoint_path: checkpoints/ssl/best_model_dual_transformer_32layer_120tiles_5epoch.pt
2025-02-27 19:49:06,582 - INFO -   repeat_times: 10
2025-02-27 19:49:06,582 - INFO -   output_npy: /scratch/zf281/jovana/representation/11SLA_representations.npy
2025-02-27 20:40:21,406 - INFO - [SingleTileInferenceDataset] tile=/scratch/zf281/jovana/data_processed/11SLA, total_valid_pixels=42448942
/maps/zf281/btfm-training-frank/venv/lib/python3.12/site-packages/torch/nn/modules/transformer.py:379: UserWarning: enable_nested_tensor is True, but self.use_nested_tensor is False because encoder_layer.self_attn.batch_first was not True(use batch_first for better inference performance)
  warnings.warn(
2025-02-27 20:40:22,715 - INFO - After loading checkpoint, s2_backbone weights:
2025-02-27 20:40:22,715 - INFO - Parameter containing:
tensor([[-0.0492, -0.0059, -0.0270,  ..., -0.0787,  0.0081, -0.0237],
        [-0.0487, -0.0433,  0.0386,  ..., -0.0182,  0.0380, -0.0399],
        [-0.0505,  0.0802, -0.0229,  ..., -0.0283, -0.0155,  0.0633],
        ...,
        [-0.0095,  0.0245, -0.0474,  ...,  0.0310,  0.0078,  0.0796],
        [ 0.0074,  0.0156,  0.0391,  ..., -0.0215, -0.0691,  0.0502],
        [ 0.0237, -0.0264, -0.0863,  ...,  0.0500, -0.0484, -0.0514]],
       device='cuda:0', requires_grad=True)
2025-02-27 20:40:22,805 - INFO - Loading SSL checkpoint from checkpoints/ssl/best_model_dual_transformer_32layer_120tiles_5epoch.pt
/maps/zf281/btfm4rs/src/infer.py:74: FutureWarning: You are using `torch.load` with `weights_only=False` (the current default value), which uses the default pickle module implicitly. It is possible to construct malicious pickle data which will execute arbitrary code during unpickling (See https://github.com/pytorch/pytorch/blob/main/SECURITY.md#untrusted-models for more details). In a future release, the default value for `weights_only` will be flipped to `True`. This limits the functions that could be executed during unpickling. Arbitrary objects will no longer be allowed to be loaded via this mode unless they are explicitly allowlisted by the user via `torch.serialization.add_safe_globals`. We recommend you start setting `weights_only=True` for any use case where you don't have full control of the loaded file. Please open an issue on GitHub for any issues related to this experimental feature.
  checkpoint = torch.load(config["checkpoint_path"], map_location=device)
2025-02-27 20:40:22,939 - INFO - SSL backbone weights after loading checkpoint (s2 backbone):
2025-02-27 20:40:22,939 - INFO - Parameter containing:
tensor([[ 0.1706,  0.0421,  0.0038,  ...,  0.1255,  0.1392,  0.0726],
        [-0.0002, -0.1175, -0.1845,  ...,  0.0577,  0.1108, -0.0653],
        [ 0.0608, -0.0829,  0.1236,  ...,  0.1347,  0.0395,  0.0401],
        ...,
        [-0.1644,  0.0076,  0.0768,  ..., -0.1617,  0.0737, -0.0054],
        [ 0.0413,  0.0837, -0.2341,  ...,  0.0322,  0.2133, -0.1945],
        [ 0.0822,  0.1440,  0.1253,  ..., -0.1497,  0.1216,  0.0892]],
       device='cuda:0', requires_grad=True)
2025-02-27 20:40:22,944 - INFO - Inference model constructed. s2 backbone weights:
2025-02-27 20:40:22,944 - INFO - Parameter containing:
tensor([[ 0.1706,  0.0421,  0.0038,  ...,  0.1255,  0.1392,  0.0726],
        [-0.0002, -0.1175, -0.1845,  ...,  0.0577,  0.1108, -0.0653],
        [ 0.0608, -0.0829,  0.1236,  ...,  0.1347,  0.0395,  0.0401],
        ...,
        [-0.1644,  0.0076,  0.0768,  ..., -0.1617,  0.0737, -0.0054],
        [ 0.0413,  0.0837, -0.2341,  ...,  0.0322,  0.2133, -0.1945],
        [ 0.0822,  0.1440,  0.1253,  ..., -0.1497,  0.1216,  0.0892]],
       device='cuda:0')
2025-02-27 20:40:22,947 - INFO - [Inference] loader length: 1296
2025-02-27 20:41:27,080 - INFO - [Inference] batch_idx=0, local_results.size=32768
2025-02-27 20:43:34,911 - INFO - [Inference] batch_idx=2, local_results.size=98304
2025-02-27 20:45:43,541 - INFO - [Inference] batch_idx=4, local_results.size=163840
2025-02-27 20:47:52,658 - INFO - [Inference] batch_idx=6, local_results.size=229376
2025-02-27 20:50:01,893 - INFO - [Inference] batch_idx=8, local_results.size=294912
2025-02-27 20:52:11,333 - INFO - [Inference] batch_idx=10, local_results.size=360448
2025-02-27 20:54:21,434 - INFO - [Inference] batch_idx=12, local_results.size=425984
2025-02-27 20:56:31,042 - INFO - [Inference] batch_idx=14, local_results.size=491520
2025-02-27 20:58:41,227 - INFO - [Inference] batch_idx=16, local_results.size=557056
2025-02-27 21:00:51,297 - INFO - [Inference] batch_idx=18, local_results.size=622592
2025-02-27 21:03:01,348 - INFO - [Inference] batch_idx=20, local_results.size=688128
2025-02-27 21:05:11,338 - INFO - [Inference] batch_idx=22, local_results.size=753664
2025-02-27 21:07:21,419 - INFO - [Inference] batch_idx=24, local_results.size=819200
2025-02-27 21:09:31,487 - INFO - [Inference] batch_idx=26, local_results.size=884736
2025-02-27 21:11:41,686 - INFO - [Inference] batch_idx=28, local_results.size=950272
2025-02-27 21:13:51,799 - INFO - [Inference] batch_idx=30, local_results.size=1015808
2025-02-27 21:16:01,971 - INFO - [Inference] batch_idx=32, local_results.size=1081344
2025-02-27 21:18:12,102 - INFO - [Inference] batch_idx=34, local_results.size=1146880
2025-02-27 21:20:22,166 - INFO - [Inference] batch_idx=36, local_results.size=1212416
2025-02-27 21:22:32,152 - INFO - [Inference] batch_idx=38, local_results.size=1277952
2025-02-27 21:24:42,167 - INFO - [Inference] batch_idx=40, local_results.size=1343488
2025-02-27 21:26:52,054 - INFO - [Inference] batch_idx=42, local_results.size=1409024
2025-02-27 21:29:01,834 - INFO - [Inference] batch_idx=44, local_results.size=1474560
2025-02-27 21:31:11,803 - INFO - [Inference] batch_idx=46, local_results.size=1540096
2025-02-27 21:33:21,782 - INFO - [Inference] batch_idx=48, local_results.size=1605632
2025-02-27 21:35:31,621 - INFO - [Inference] batch_idx=50, local_results.size=1671168
2025-02-27 21:37:41,577 - INFO - [Inference] batch_idx=52, local_results.size=1736704
2025-02-27 21:39:51,521 - INFO - [Inference] batch_idx=54, local_results.size=1802240
2025-02-27 21:42:01,489 - INFO - [Inference] batch_idx=56, local_results.size=1867776
2025-02-27 21:44:11,447 - INFO - [Inference] batch_idx=58, local_results.size=1933312
2025-02-27 21:46:21,318 - INFO - [Inference] batch_idx=60, local_results.size=1998848
2025-02-27 21:48:31,230 - INFO - [Inference] batch_idx=62, local_results.size=2064384
2025-02-27 21:50:41,304 - INFO - [Inference] batch_idx=64, local_results.size=2129920
2025-02-27 21:52:51,340 - INFO - [Inference] batch_idx=66, local_results.size=2195456
2025-02-27 21:55:01,445 - INFO - [Inference] batch_idx=68, local_results.size=2260992
2025-02-27 21:57:11,319 - INFO - [Inference] batch_idx=70, local_results.size=2326528
2025-02-27 21:59:20,921 - INFO - [Inference] batch_idx=72, local_results.size=2392064
2025-02-27 22:01:30,970 - INFO - [Inference] batch_idx=74, local_results.size=2457600
2025-02-27 22:03:41,194 - INFO - [Inference] batch_idx=76, local_results.size=2523136
2025-02-27 22:05:51,362 - INFO - [Inference] batch_idx=78, local_results.size=2588672
2025-02-27 22:08:01,629 - INFO - [Inference] batch_idx=80, local_results.size=2654208
2025-02-27 22:10:11,970 - INFO - [Inference] batch_idx=82, local_results.size=2719744
2025-02-27 22:12:22,123 - INFO - [Inference] batch_idx=84, local_results.size=2785280
2025-02-27 22:14:32,314 - INFO - [Inference] batch_idx=86, local_results.size=2850816
2025-02-27 22:16:42,513 - INFO - [Inference] batch_idx=88, local_results.size=2916352
2025-02-27 22:18:52,760 - INFO - [Inference] batch_idx=90, local_results.size=2981888
2025-02-27 22:21:03,020 - INFO - [Inference] batch_idx=92, local_results.size=3047424
2025-02-27 22:23:13,232 - INFO - [Inference] batch_idx=94, local_results.size=3112960
2025-02-27 22:25:23,532 - INFO - [Inference] batch_idx=96, local_results.size=3178496
2025-02-27 22:27:33,735 - INFO - [Inference] batch_idx=98, local_results.size=3244032
2025-02-27 22:29:43,796 - INFO - [Inference] batch_idx=100, local_results.size=3309568
2025-02-27 22:31:53,949 - INFO - [Inference] batch_idx=102, local_results.size=3375104
2025-02-27 22:34:04,285 - INFO - [Inference] batch_idx=104, local_results.size=3440640
2025-02-27 22:36:14,565 - INFO - [Inference] batch_idx=106, local_results.size=3506176
2025-02-27 22:38:24,887 - INFO - [Inference] batch_idx=108, local_results.size=3571712
2025-02-27 22:40:35,295 - INFO - [Inference] batch_idx=110, local_results.size=3637248
2025-02-27 22:42:45,729 - INFO - [Inference] batch_idx=112, local_results.size=3702784
2025-02-27 22:44:55,975 - INFO - [Inference] batch_idx=114, local_results.size=3768320
2025-02-27 22:47:06,263 - INFO - [Inference] batch_idx=116, local_results.size=3833856
2025-02-27 22:49:16,618 - INFO - [Inference] batch_idx=118, local_results.size=3899392
2025-02-27 22:51:26,951 - INFO - [Inference] batch_idx=120, local_results.size=3964928
2025-02-27 22:53:37,348 - INFO - [Inference] batch_idx=122, local_results.size=4030464
2025-02-27 22:55:47,785 - INFO - [Inference] batch_idx=124, local_results.size=4096000
2025-02-27 22:57:58,161 - INFO - [Inference] batch_idx=126, local_results.size=4161536
2025-02-27 23:00:08,581 - INFO - [Inference] batch_idx=128, local_results.size=4227072
2025-02-27 23:02:19,049 - INFO - [Inference] batch_idx=130, local_results.size=4292608
2025-02-27 23:04:29,512 - INFO - [Inference] batch_idx=132, local_results.size=4358144
2025-02-27 23:06:39,995 - INFO - [Inference] batch_idx=134, local_results.size=4423680
2025-02-27 23:08:50,378 - INFO - [Inference] batch_idx=136, local_results.size=4489216
2025-02-27 23:11:00,884 - INFO - [Inference] batch_idx=138, local_results.size=4554752
2025-02-27 23:13:11,401 - INFO - [Inference] batch_idx=140, local_results.size=4620288
2025-02-27 23:15:21,957 - INFO - [Inference] batch_idx=142, local_results.size=4685824
2025-02-27 23:17:32,525 - INFO - [Inference] batch_idx=144, local_results.size=4751360
2025-02-27 23:19:43,064 - INFO - [Inference] batch_idx=146, local_results.size=4816896
2025-02-27 23:21:53,592 - INFO - [Inference] batch_idx=148, local_results.size=4882432
2025-02-27 23:24:04,196 - INFO - [Inference] batch_idx=150, local_results.size=4947968
2025-02-27 23:26:14,676 - INFO - [Inference] batch_idx=152, local_results.size=5013504
2025-02-27 23:28:25,055 - INFO - [Inference] batch_idx=154, local_results.size=5079040
2025-02-27 23:30:35,521 - INFO - [Inference] batch_idx=156, local_results.size=5144576
2025-02-27 23:32:46,076 - INFO - [Inference] batch_idx=158, local_results.size=5210112
2025-02-27 23:34:56,673 - INFO - [Inference] batch_idx=160, local_results.size=5275648
2025-02-27 23:37:07,113 - INFO - [Inference] batch_idx=162, local_results.size=5341184
2025-02-27 23:39:17,484 - INFO - [Inference] batch_idx=164, local_results.size=5406720
2025-02-27 23:41:27,874 - INFO - [Inference] batch_idx=166, local_results.size=5472256
2025-02-27 23:43:38,358 - INFO - [Inference] batch_idx=168, local_results.size=5537792
2025-02-27 23:45:48,839 - INFO - [Inference] batch_idx=170, local_results.size=5603328
2025-02-27 23:47:59,323 - INFO - [Inference] batch_idx=172, local_results.size=5668864
2025-02-27 23:50:09,854 - INFO - [Inference] batch_idx=174, local_results.size=5734400
2025-02-27 23:52:20,205 - INFO - [Inference] batch_idx=176, local_results.size=5799936
2025-02-27 23:54:30,689 - INFO - [Inference] batch_idx=178, local_results.size=5865472
2025-02-27 23:56:40,969 - INFO - [Inference] batch_idx=180, local_results.size=5931008
2025-02-27 23:58:51,353 - INFO - [Inference] batch_idx=182, local_results.size=5996544
2025-02-28 00:01:01,528 - INFO - [Inference] batch_idx=184, local_results.size=6062080
2025-02-28 00:03:12,219 - INFO - [Inference] batch_idx=186, local_results.size=6127616
2025-02-28 00:05:22,791 - INFO - [Inference] batch_idx=188, local_results.size=6193152
2025-02-28 00:07:33,416 - INFO - [Inference] batch_idx=190, local_results.size=6258688
2025-02-28 00:09:43,955 - INFO - [Inference] batch_idx=192, local_results.size=6324224
2025-02-28 00:11:54,632 - INFO - [Inference] batch_idx=194, local_results.size=6389760
2025-02-28 00:14:05,131 - INFO - [Inference] batch_idx=196, local_results.size=6455296
2025-02-28 00:16:15,640 - INFO - [Inference] batch_idx=198, local_results.size=6520832
2025-02-28 00:18:26,335 - INFO - [Inference] batch_idx=200, local_results.size=6586368
2025-02-28 00:20:36,964 - INFO - [Inference] batch_idx=202, local_results.size=6651904
2025-02-28 00:22:47,624 - INFO - [Inference] batch_idx=204, local_results.size=6717440
2025-02-28 00:24:58,275 - INFO - [Inference] batch_idx=206, local_results.size=6782976
2025-02-28 00:27:08,892 - INFO - [Inference] batch_idx=208, local_results.size=6848512
2025-02-28 00:29:19,615 - INFO - [Inference] batch_idx=210, local_results.size=6914048
2025-02-28 00:31:30,304 - INFO - [Inference] batch_idx=212, local_results.size=6979584
2025-02-28 00:33:41,058 - INFO - [Inference] batch_idx=214, local_results.size=7045120
2025-02-28 00:35:51,828 - INFO - [Inference] batch_idx=216, local_results.size=7110656
2025-02-28 00:38:02,621 - INFO - [Inference] batch_idx=218, local_results.size=7176192
2025-02-28 00:40:13,169 - INFO - [Inference] batch_idx=220, local_results.size=7241728
2025-02-28 00:42:23,882 - INFO - [Inference] batch_idx=222, local_results.size=7307264
2025-02-28 00:44:34,555 - INFO - [Inference] batch_idx=224, local_results.size=7372800
2025-02-28 00:46:45,185 - INFO - [Inference] batch_idx=226, local_results.size=7438336
2025-02-28 00:48:55,941 - INFO - [Inference] batch_idx=228, local_results.size=7503872
2025-02-28 00:51:06,565 - INFO - [Inference] batch_idx=230, local_results.size=7569408
2025-02-28 00:53:17,354 - INFO - [Inference] batch_idx=232, local_results.size=7634944
2025-02-28 00:55:28,169 - INFO - [Inference] batch_idx=234, local_results.size=7700480
2025-02-28 00:57:38,884 - INFO - [Inference] batch_idx=236, local_results.size=7766016
2025-02-28 00:59:49,149 - INFO - [Inference] batch_idx=238, local_results.size=7831552
2025-02-28 01:01:59,929 - INFO - [Inference] batch_idx=240, local_results.size=7897088
2025-02-28 01:04:10,591 - INFO - [Inference] batch_idx=242, local_results.size=7962624
2025-02-28 01:06:20,953 - INFO - [Inference] batch_idx=244, local_results.size=8028160
2025-02-28 01:08:31,149 - INFO - [Inference] batch_idx=246, local_results.size=8093696
2025-02-28 01:10:41,508 - INFO - [Inference] batch_idx=248, local_results.size=8159232
2025-02-28 01:12:51,798 - INFO - [Inference] batch_idx=250, local_results.size=8224768
2025-02-28 01:15:02,112 - INFO - [Inference] batch_idx=252, local_results.size=8290304
2025-02-28 01:17:12,386 - INFO - [Inference] batch_idx=254, local_results.size=8355840
2025-02-28 01:19:22,702 - INFO - [Inference] batch_idx=256, local_results.size=8421376
2025-02-28 01:21:33,169 - INFO - [Inference] batch_idx=258, local_results.size=8486912
2025-02-28 01:23:43,576 - INFO - [Inference] batch_idx=260, local_results.size=8552448
2025-02-28 01:25:53,925 - INFO - [Inference] batch_idx=262, local_results.size=8617984
2025-02-28 01:28:04,323 - INFO - [Inference] batch_idx=264, local_results.size=8683520
2025-02-28 01:30:14,695 - INFO - [Inference] batch_idx=266, local_results.size=8749056
2025-02-28 01:32:25,209 - INFO - [Inference] batch_idx=268, local_results.size=8814592
2025-02-28 01:34:35,555 - INFO - [Inference] batch_idx=270, local_results.size=8880128
2025-02-28 01:36:46,091 - INFO - [Inference] batch_idx=272, local_results.size=8945664
2025-02-28 01:38:56,620 - INFO - [Inference] batch_idx=274, local_results.size=9011200
2025-02-28 01:41:07,057 - INFO - [Inference] batch_idx=276, local_results.size=9076736
2025-02-28 01:43:17,553 - INFO - [Inference] batch_idx=278, local_results.size=9142272
2025-02-28 01:45:27,990 - INFO - [Inference] batch_idx=280, local_results.size=9207808
2025-02-28 01:47:38,578 - INFO - [Inference] batch_idx=282, local_results.size=9273344
2025-02-28 01:49:49,087 - INFO - [Inference] batch_idx=284, local_results.size=9338880
2025-02-28 01:51:59,582 - INFO - [Inference] batch_idx=286, local_results.size=9404416
2025-02-28 01:54:10,066 - INFO - [Inference] batch_idx=288, local_results.size=9469952
2025-02-28 01:56:20,501 - INFO - [Inference] batch_idx=290, local_results.size=9535488
2025-02-28 01:58:30,909 - INFO - [Inference] batch_idx=292, local_results.size=9601024
2025-02-28 02:00:41,340 - INFO - [Inference] batch_idx=294, local_results.size=9666560
2025-02-28 02:02:51,844 - INFO - [Inference] batch_idx=296, local_results.size=9732096
2025-02-28 02:05:02,346 - INFO - [Inference] batch_idx=298, local_results.size=9797632
2025-02-28 02:07:12,787 - INFO - [Inference] batch_idx=300, local_results.size=9863168
2025-02-28 02:09:22,899 - INFO - [Inference] batch_idx=302, local_results.size=9928704
2025-02-28 02:11:33,324 - INFO - [Inference] batch_idx=304, local_results.size=9994240
2025-02-28 02:13:43,791 - INFO - [Inference] batch_idx=306, local_results.size=10059776
2025-02-28 02:15:54,285 - INFO - [Inference] batch_idx=308, local_results.size=10125312
2025-02-28 02:18:04,854 - INFO - [Inference] batch_idx=310, local_results.size=10190848
2025-02-28 02:20:15,310 - INFO - [Inference] batch_idx=312, local_results.size=10256384
2025-02-28 02:22:25,804 - INFO - [Inference] batch_idx=314, local_results.size=10321920
2025-02-28 02:24:36,356 - INFO - [Inference] batch_idx=316, local_results.size=10387456
2025-02-28 02:26:46,798 - INFO - [Inference] batch_idx=318, local_results.size=10452992
2025-02-28 02:28:57,339 - INFO - [Inference] batch_idx=320, local_results.size=10518528
2025-02-28 02:31:07,846 - INFO - [Inference] batch_idx=322, local_results.size=10584064
2025-02-28 02:33:18,311 - INFO - [Inference] batch_idx=324, local_results.size=10649600
2025-02-28 02:35:28,857 - INFO - [Inference] batch_idx=326, local_results.size=10715136
2025-02-28 02:37:39,198 - INFO - [Inference] batch_idx=328, local_results.size=10780672
2025-02-28 02:39:49,982 - INFO - [Inference] batch_idx=330, local_results.size=10846208
2025-02-28 02:42:00,689 - INFO - [Inference] batch_idx=332, local_results.size=10911744
2025-02-28 02:44:11,507 - INFO - [Inference] batch_idx=334, local_results.size=10977280
2025-02-28 02:46:22,414 - INFO - [Inference] batch_idx=336, local_results.size=11042816
2025-02-28 02:48:33,316 - INFO - [Inference] batch_idx=338, local_results.size=11108352
2025-02-28 02:50:43,861 - INFO - [Inference] batch_idx=340, local_results.size=11173888
2025-02-28 02:52:54,325 - INFO - [Inference] batch_idx=342, local_results.size=11239424
2025-02-28 02:55:04,921 - INFO - [Inference] batch_idx=344, local_results.size=11304960
2025-02-28 02:57:15,547 - INFO - [Inference] batch_idx=346, local_results.size=11370496
2025-02-28 02:59:26,144 - INFO - [Inference] batch_idx=348, local_results.size=11436032
2025-02-28 03:01:37,021 - INFO - [Inference] batch_idx=350, local_results.size=11501568
2025-02-28 03:03:48,024 - INFO - [Inference] batch_idx=352, local_results.size=11567104
2025-02-28 03:05:58,856 - INFO - [Inference] batch_idx=354, local_results.size=11632640
2025-02-28 03:08:09,467 - INFO - [Inference] batch_idx=356, local_results.size=11698176
2025-02-28 03:10:20,006 - INFO - [Inference] batch_idx=358, local_results.size=11763712
2025-02-28 03:12:30,694 - INFO - [Inference] batch_idx=360, local_results.size=11829248
2025-02-28 03:14:41,757 - INFO - [Inference] batch_idx=362, local_results.size=11894784
2025-02-28 03:16:52,663 - INFO - [Inference] batch_idx=364, local_results.size=11960320
2025-02-28 03:19:03,200 - INFO - [Inference] batch_idx=366, local_results.size=12025856
2025-02-28 03:21:13,893 - INFO - [Inference] batch_idx=368, local_results.size=12091392
2025-02-28 03:23:24,421 - INFO - [Inference] batch_idx=370, local_results.size=12156928
2025-02-28 03:25:34,917 - INFO - [Inference] batch_idx=372, local_results.size=12222464
2025-02-28 03:27:45,642 - INFO - [Inference] batch_idx=374, local_results.size=12288000
2025-02-28 03:29:56,610 - INFO - [Inference] batch_idx=376, local_results.size=12353536
2025-02-28 03:32:07,630 - INFO - [Inference] batch_idx=378, local_results.size=12419072
2025-02-28 03:34:18,595 - INFO - [Inference] batch_idx=380, local_results.size=12484608
2025-02-28 03:36:29,183 - INFO - [Inference] batch_idx=382, local_results.size=12550144
2025-02-28 03:38:39,922 - INFO - [Inference] batch_idx=384, local_results.size=12615680
2025-02-28 03:40:50,926 - INFO - [Inference] batch_idx=386, local_results.size=12681216
2025-02-28 03:43:01,873 - INFO - [Inference] batch_idx=388, local_results.size=12746752
2025-02-28 03:45:12,585 - INFO - [Inference] batch_idx=390, local_results.size=12812288
2025-02-28 03:47:23,482 - INFO - [Inference] batch_idx=392, local_results.size=12877824
2025-02-28 03:49:34,188 - INFO - [Inference] batch_idx=394, local_results.size=12943360
2025-02-28 03:51:45,047 - INFO - [Inference] batch_idx=396, local_results.size=13008896
2025-02-28 03:53:55,939 - INFO - [Inference] batch_idx=398, local_results.size=13074432
2025-02-28 03:56:06,717 - INFO - [Inference] batch_idx=400, local_results.size=13139968
2025-02-28 03:58:17,504 - INFO - [Inference] batch_idx=402, local_results.size=13205504
2025-02-28 04:00:28,229 - INFO - [Inference] batch_idx=404, local_results.size=13271040
2025-02-28 04:02:39,076 - INFO - [Inference] batch_idx=406, local_results.size=13336576
2025-02-28 04:04:50,087 - INFO - [Inference] batch_idx=408, local_results.size=13402112
2025-02-28 04:07:00,909 - INFO - [Inference] batch_idx=410, local_results.size=13467648
2025-02-28 04:09:11,773 - INFO - [Inference] batch_idx=412, local_results.size=13533184
2025-02-28 04:11:22,506 - INFO - [Inference] batch_idx=414, local_results.size=13598720
2025-02-28 04:13:33,154 - INFO - [Inference] batch_idx=416, local_results.size=13664256
2025-02-28 04:15:43,754 - INFO - [Inference] batch_idx=418, local_results.size=13729792
2025-02-28 04:17:54,540 - INFO - [Inference] batch_idx=420, local_results.size=13795328
2025-02-28 04:20:05,076 - INFO - [Inference] batch_idx=422, local_results.size=13860864
2025-02-28 04:22:15,817 - INFO - [Inference] batch_idx=424, local_results.size=13926400
2025-02-28 04:24:26,566 - INFO - [Inference] batch_idx=426, local_results.size=13991936
2025-02-28 04:26:37,056 - INFO - [Inference] batch_idx=428, local_results.size=14057472
2025-02-28 04:28:48,214 - INFO - [Inference] batch_idx=430, local_results.size=14123008
2025-02-28 04:30:59,297 - INFO - [Inference] batch_idx=432, local_results.size=14188544
2025-02-28 04:33:10,453 - INFO - [Inference] batch_idx=434, local_results.size=14254080
2025-02-28 04:35:21,344 - INFO - [Inference] batch_idx=436, local_results.size=14319616
2025-02-28 04:37:32,313 - INFO - [Inference] batch_idx=438, local_results.size=14385152
2025-02-28 04:39:43,478 - INFO - [Inference] batch_idx=440, local_results.size=14450688
2025-02-28 04:41:54,685 - INFO - [Inference] batch_idx=442, local_results.size=14516224
2025-02-28 04:44:05,963 - INFO - [Inference] batch_idx=444, local_results.size=14581760
2025-02-28 04:46:16,909 - INFO - [Inference] batch_idx=446, local_results.size=14647296
2025-02-28 04:48:28,140 - INFO - [Inference] batch_idx=448, local_results.size=14712832
2025-02-28 04:50:39,154 - INFO - [Inference] batch_idx=450, local_results.size=14778368
2025-02-28 04:52:50,213 - INFO - [Inference] batch_idx=452, local_results.size=14843904
2025-02-28 04:55:01,279 - INFO - [Inference] batch_idx=454, local_results.size=14909440
2025-02-28 04:57:12,538 - INFO - [Inference] batch_idx=456, local_results.size=14974976
2025-02-28 04:59:23,546 - INFO - [Inference] batch_idx=458, local_results.size=15040512
2025-02-28 05:01:34,399 - INFO - [Inference] batch_idx=460, local_results.size=15106048
2025-02-28 05:03:45,268 - INFO - [Inference] batch_idx=462, local_results.size=15171584
2025-02-28 05:05:56,580 - INFO - [Inference] batch_idx=464, local_results.size=15237120
2025-02-28 05:08:07,820 - INFO - [Inference] batch_idx=466, local_results.size=15302656
2025-02-28 05:10:18,502 - INFO - [Inference] batch_idx=468, local_results.size=15368192
2025-02-28 05:12:29,385 - INFO - [Inference] batch_idx=470, local_results.size=15433728
2025-02-28 05:14:40,646 - INFO - [Inference] batch_idx=472, local_results.size=15499264
2025-02-28 05:16:51,765 - INFO - [Inference] batch_idx=474, local_results.size=15564800
2025-02-28 05:19:02,928 - INFO - [Inference] batch_idx=476, local_results.size=15630336
2025-02-28 05:21:14,199 - INFO - [Inference] batch_idx=478, local_results.size=15695872
2025-02-28 05:23:24,722 - INFO - [Inference] batch_idx=480, local_results.size=15761408
2025-02-28 05:25:35,875 - INFO - [Inference] batch_idx=482, local_results.size=15826944
2025-02-28 05:27:46,979 - INFO - [Inference] batch_idx=484, local_results.size=15892480
2025-02-28 05:29:58,163 - INFO - [Inference] batch_idx=486, local_results.size=15958016
2025-02-28 05:32:09,305 - INFO - [Inference] batch_idx=488, local_results.size=16023552
2025-02-28 05:34:20,394 - INFO - [Inference] batch_idx=490, local_results.size=16089088
2025-02-28 05:36:31,305 - INFO - [Inference] batch_idx=492, local_results.size=16154624
2025-02-28 05:38:42,509 - INFO - [Inference] batch_idx=494, local_results.size=16220160
2025-02-28 05:40:53,685 - INFO - [Inference] batch_idx=496, local_results.size=16285696
2025-02-28 05:43:04,852 - INFO - [Inference] batch_idx=498, local_results.size=16351232
2025-02-28 05:45:16,139 - INFO - [Inference] batch_idx=500, local_results.size=16416768
2025-02-28 05:47:27,623 - INFO - [Inference] batch_idx=502, local_results.size=16482304
2025-02-28 05:49:38,953 - INFO - [Inference] batch_idx=504, local_results.size=16547840
2025-02-28 05:51:50,150 - INFO - [Inference] batch_idx=506, local_results.size=16613376
2025-02-28 05:54:01,430 - INFO - [Inference] batch_idx=508, local_results.size=16678912
2025-02-28 05:56:12,790 - INFO - [Inference] batch_idx=510, local_results.size=16744448
2025-02-28 05:58:24,233 - INFO - [Inference] batch_idx=512, local_results.size=16809984
2025-02-28 06:00:35,503 - INFO - [Inference] batch_idx=514, local_results.size=16875520
2025-02-28 06:02:47,011 - INFO - [Inference] batch_idx=516, local_results.size=16941056
2025-02-28 06:04:58,435 - INFO - [Inference] batch_idx=518, local_results.size=17006592
2025-02-28 06:07:09,747 - INFO - [Inference] batch_idx=520, local_results.size=17072128
2025-02-28 06:09:21,262 - INFO - [Inference] batch_idx=522, local_results.size=17137664
2025-02-28 06:11:32,452 - INFO - [Inference] batch_idx=524, local_results.size=17203200
2025-02-28 06:13:43,983 - INFO - [Inference] batch_idx=526, local_results.size=17268736
2025-02-28 06:15:55,425 - INFO - [Inference] batch_idx=528, local_results.size=17334272
2025-02-28 06:18:05,914 - INFO - [Inference] batch_idx=530, local_results.size=17399808
2025-02-28 06:20:14,841 - INFO - [Inference] batch_idx=532, local_results.size=17465344
2025-02-28 06:22:23,578 - INFO - [Inference] batch_idx=534, local_results.size=17530880
2025-02-28 06:24:32,265 - INFO - [Inference] batch_idx=536, local_results.size=17596416
2025-02-28 06:26:40,997 - INFO - [Inference] batch_idx=538, local_results.size=17661952
2025-02-28 06:28:49,655 - INFO - [Inference] batch_idx=540, local_results.size=17727488
2025-02-28 06:30:58,358 - INFO - [Inference] batch_idx=542, local_results.size=17793024
2025-02-28 06:33:07,304 - INFO - [Inference] batch_idx=544, local_results.size=17858560
2025-02-28 06:35:16,068 - INFO - [Inference] batch_idx=546, local_results.size=17924096
2025-02-28 06:37:24,986 - INFO - [Inference] batch_idx=548, local_results.size=17989632
2025-02-28 06:39:34,159 - INFO - [Inference] batch_idx=550, local_results.size=18055168
2025-02-28 06:41:43,150 - INFO - [Inference] batch_idx=552, local_results.size=18120704
2025-02-28 06:43:52,107 - INFO - [Inference] batch_idx=554, local_results.size=18186240
2025-02-28 06:46:00,910 - INFO - [Inference] batch_idx=556, local_results.size=18251776
2025-02-28 06:48:09,620 - INFO - [Inference] batch_idx=558, local_results.size=18317312
2025-02-28 06:50:18,416 - INFO - [Inference] batch_idx=560, local_results.size=18382848
2025-02-28 06:52:27,197 - INFO - [Inference] batch_idx=562, local_results.size=18448384
2025-02-28 06:54:36,711 - INFO - [Inference] batch_idx=564, local_results.size=18513920
2025-02-28 06:56:45,822 - INFO - [Inference] batch_idx=566, local_results.size=18579456
2025-02-28 06:58:54,764 - INFO - [Inference] batch_idx=568, local_results.size=18644992
2025-02-28 07:01:03,801 - INFO - [Inference] batch_idx=570, local_results.size=18710528
2025-02-28 07:03:12,510 - INFO - [Inference] batch_idx=572, local_results.size=18776064
2025-02-28 07:05:21,269 - INFO - [Inference] batch_idx=574, local_results.size=18841600
2025-02-28 07:07:30,086 - INFO - [Inference] batch_idx=576, local_results.size=18907136
2025-02-28 07:09:38,960 - INFO - [Inference] batch_idx=578, local_results.size=18972672
2025-02-28 07:11:47,834 - INFO - [Inference] batch_idx=580, local_results.size=19038208
2025-02-28 07:13:57,029 - INFO - [Inference] batch_idx=582, local_results.size=19103744
2025-02-28 07:16:05,941 - INFO - [Inference] batch_idx=584, local_results.size=19169280
2025-02-28 07:18:15,704 - INFO - [Inference] batch_idx=586, local_results.size=19234816
2025-02-28 07:20:25,611 - INFO - [Inference] batch_idx=588, local_results.size=19300352
2025-02-28 07:22:35,525 - INFO - [Inference] batch_idx=590, local_results.size=19365888
2025-02-28 07:24:44,914 - INFO - [Inference] batch_idx=592, local_results.size=19431424
2025-02-28 07:26:53,965 - INFO - [Inference] batch_idx=594, local_results.size=19496960
2025-02-28 07:29:02,822 - INFO - [Inference] batch_idx=596, local_results.size=19562496
2025-02-28 07:31:11,876 - INFO - [Inference] batch_idx=598, local_results.size=19628032
2025-02-28 07:33:21,074 - INFO - [Inference] batch_idx=600, local_results.size=19693568
2025-02-28 07:35:31,112 - INFO - [Inference] batch_idx=602, local_results.size=19759104
2025-02-28 07:37:42,613 - INFO - [Inference] batch_idx=604, local_results.size=19824640
2025-02-28 07:39:54,194 - INFO - [Inference] batch_idx=606, local_results.size=19890176
2025-02-28 07:42:05,531 - INFO - [Inference] batch_idx=608, local_results.size=19955712
2025-02-28 07:44:17,006 - INFO - [Inference] batch_idx=610, local_results.size=20021248
2025-02-28 07:46:28,261 - INFO - [Inference] batch_idx=612, local_results.size=20086784
2025-02-28 07:48:39,497 - INFO - [Inference] batch_idx=614, local_results.size=20152320
2025-02-28 07:50:51,055 - INFO - [Inference] batch_idx=616, local_results.size=20217856
2025-02-28 07:53:02,006 - INFO - [Inference] batch_idx=618, local_results.size=20283392
2025-02-28 07:55:13,356 - INFO - [Inference] batch_idx=620, local_results.size=20348928
2025-02-28 07:57:24,732 - INFO - [Inference] batch_idx=622, local_results.size=20414464
2025-02-28 07:59:36,063 - INFO - [Inference] batch_idx=624, local_results.size=20480000
2025-02-28 08:01:47,603 - INFO - [Inference] batch_idx=626, local_results.size=20545536
2025-02-28 08:03:58,116 - INFO - [Inference] batch_idx=628, local_results.size=20611072
2025-02-28 08:06:08,611 - INFO - [Inference] batch_idx=630, local_results.size=20676608
2025-02-28 08:08:19,049 - INFO - [Inference] batch_idx=632, local_results.size=20742144
2025-02-28 08:10:29,735 - INFO - [Inference] batch_idx=634, local_results.size=20807680
2025-02-28 08:12:40,425 - INFO - [Inference] batch_idx=636, local_results.size=20873216
2025-02-28 08:14:51,382 - INFO - [Inference] batch_idx=638, local_results.size=20938752
2025-02-28 08:17:02,186 - INFO - [Inference] batch_idx=640, local_results.size=21004288
2025-02-28 08:19:13,120 - INFO - [Inference] batch_idx=642, local_results.size=21069824
2025-02-28 08:21:24,048 - INFO - [Inference] batch_idx=644, local_results.size=21135360
2025-02-28 08:23:35,075 - INFO - [Inference] batch_idx=646, local_results.size=21200896
2025-02-28 08:25:46,049 - INFO - [Inference] batch_idx=648, local_results.size=21266432
2025-02-28 08:27:57,025 - INFO - [Inference] batch_idx=650, local_results.size=21331968
2025-02-28 08:30:07,955 - INFO - [Inference] batch_idx=652, local_results.size=21397504
2025-02-28 08:32:18,904 - INFO - [Inference] batch_idx=654, local_results.size=21463040
2025-02-28 08:34:29,912 - INFO - [Inference] batch_idx=656, local_results.size=21528576
2025-02-28 08:36:40,893 - INFO - [Inference] batch_idx=658, local_results.size=21594112
2025-02-28 08:38:51,820 - INFO - [Inference] batch_idx=660, local_results.size=21659648
2025-02-28 08:41:02,670 - INFO - [Inference] batch_idx=662, local_results.size=21725184
2025-02-28 08:43:13,452 - INFO - [Inference] batch_idx=664, local_results.size=21790720
2025-02-28 08:45:24,131 - INFO - [Inference] batch_idx=666, local_results.size=21856256
2025-02-28 08:47:35,322 - INFO - [Inference] batch_idx=668, local_results.size=21921792
2025-02-28 08:49:46,393 - INFO - [Inference] batch_idx=670, local_results.size=21987328
2025-02-28 08:51:57,314 - INFO - [Inference] batch_idx=672, local_results.size=22052864
2025-02-28 08:54:08,023 - INFO - [Inference] batch_idx=674, local_results.size=22118400
2025-02-28 08:56:19,227 - INFO - [Inference] batch_idx=676, local_results.size=22183936
2025-02-28 08:58:30,198 - INFO - [Inference] batch_idx=678, local_results.size=22249472
2025-02-28 09:00:41,260 - INFO - [Inference] batch_idx=680, local_results.size=22315008
2025-02-28 09:02:52,413 - INFO - [Inference] batch_idx=682, local_results.size=22380544
2025-02-28 09:05:03,558 - INFO - [Inference] batch_idx=684, local_results.size=22446080
2025-02-28 09:07:14,711 - INFO - [Inference] batch_idx=686, local_results.size=22511616
2025-02-28 09:09:25,820 - INFO - [Inference] batch_idx=688, local_results.size=22577152
2025-02-28 09:11:36,938 - INFO - [Inference] batch_idx=690, local_results.size=22642688
2025-02-28 09:13:48,024 - INFO - [Inference] batch_idx=692, local_results.size=22708224
2025-02-28 09:15:59,136 - INFO - [Inference] batch_idx=694, local_results.size=22773760
2025-02-28 09:18:10,284 - INFO - [Inference] batch_idx=696, local_results.size=22839296
2025-02-28 09:20:21,374 - INFO - [Inference] batch_idx=698, local_results.size=22904832
2025-02-28 09:22:32,360 - INFO - [Inference] batch_idx=700, local_results.size=22970368
2025-02-28 09:24:43,538 - INFO - [Inference] batch_idx=702, local_results.size=23035904
2025-02-28 09:26:54,571 - INFO - [Inference] batch_idx=704, local_results.size=23101440
2025-02-28 09:29:05,738 - INFO - [Inference] batch_idx=706, local_results.size=23166976
2025-02-28 09:31:16,854 - INFO - [Inference] batch_idx=708, local_results.size=23232512
2025-02-28 09:33:28,103 - INFO - [Inference] batch_idx=710, local_results.size=23298048
2025-02-28 09:35:39,176 - INFO - [Inference] batch_idx=712, local_results.size=23363584
2025-02-28 09:37:50,299 - INFO - [Inference] batch_idx=714, local_results.size=23429120
2025-02-28 09:40:01,559 - INFO - [Inference] batch_idx=716, local_results.size=23494656
2025-02-28 09:42:12,626 - INFO - [Inference] batch_idx=718, local_results.size=23560192
2025-02-28 09:44:23,928 - INFO - [Inference] batch_idx=720, local_results.size=23625728
2025-02-28 09:46:35,055 - INFO - [Inference] batch_idx=722, local_results.size=23691264
2025-02-28 09:48:46,330 - INFO - [Inference] batch_idx=724, local_results.size=23756800
2025-02-28 09:50:57,473 - INFO - [Inference] batch_idx=726, local_results.size=23822336
2025-02-28 09:53:08,626 - INFO - [Inference] batch_idx=728, local_results.size=23887872
2025-02-28 09:55:19,906 - INFO - [Inference] batch_idx=730, local_results.size=23953408
2025-02-28 09:57:31,332 - INFO - [Inference] batch_idx=732, local_results.size=24018944
2025-02-28 09:59:42,646 - INFO - [Inference] batch_idx=734, local_results.size=24084480
2025-02-28 10:01:53,841 - INFO - [Inference] batch_idx=736, local_results.size=24150016
2025-02-28 10:04:05,221 - INFO - [Inference] batch_idx=738, local_results.size=24215552
2025-02-28 10:06:16,703 - INFO - [Inference] batch_idx=740, local_results.size=24281088
2025-02-28 10:08:27,934 - INFO - [Inference] batch_idx=742, local_results.size=24346624
2025-02-28 10:10:38,673 - INFO - [Inference] batch_idx=744, local_results.size=24412160
2025-02-28 10:12:48,618 - INFO - [Inference] batch_idx=746, local_results.size=24477696
2025-02-28 10:14:58,999 - INFO - [Inference] batch_idx=748, local_results.size=24543232
2025-02-28 10:17:09,544 - INFO - [Inference] batch_idx=750, local_results.size=24608768
2025-02-28 10:19:19,181 - INFO - [Inference] batch_idx=752, local_results.size=24674304
2025-02-28 10:21:29,656 - INFO - [Inference] batch_idx=754, local_results.size=24739840
2025-02-28 10:23:40,305 - INFO - [Inference] batch_idx=756, local_results.size=24805376
2025-02-28 10:25:50,946 - INFO - [Inference] batch_idx=758, local_results.size=24870912
2025-02-28 10:28:01,702 - INFO - [Inference] batch_idx=760, local_results.size=24936448
2025-02-28 10:30:12,530 - INFO - [Inference] batch_idx=762, local_results.size=25001984
2025-02-28 10:32:23,506 - INFO - [Inference] batch_idx=764, local_results.size=25067520
2025-02-28 10:34:34,414 - INFO - [Inference] batch_idx=766, local_results.size=25133056
2025-02-28 10:36:45,642 - INFO - [Inference] batch_idx=768, local_results.size=25198592
2025-02-28 10:38:57,046 - INFO - [Inference] batch_idx=770, local_results.size=25264128
2025-02-28 10:41:08,345 - INFO - [Inference] batch_idx=772, local_results.size=25329664
2025-02-28 10:43:19,600 - INFO - [Inference] batch_idx=774, local_results.size=25395200
2025-02-28 10:45:30,980 - INFO - [Inference] batch_idx=776, local_results.size=25460736
2025-02-28 10:47:42,383 - INFO - [Inference] batch_idx=778, local_results.size=25526272
2025-02-28 10:49:53,996 - INFO - [Inference] batch_idx=780, local_results.size=25591808
2025-02-28 10:52:04,834 - INFO - [Inference] batch_idx=782, local_results.size=25657344
2025-02-28 10:54:15,166 - INFO - [Inference] batch_idx=784, local_results.size=25722880
2025-02-28 10:56:25,773 - INFO - [Inference] batch_idx=786, local_results.size=25788416
2025-02-28 10:58:36,841 - INFO - [Inference] batch_idx=788, local_results.size=25853952
2025-02-28 11:00:47,856 - INFO - [Inference] batch_idx=790, local_results.size=25919488
2025-02-28 11:02:58,832 - INFO - [Inference] batch_idx=792, local_results.size=25985024
2025-02-28 11:05:09,867 - INFO - [Inference] batch_idx=794, local_results.size=26050560
2025-02-28 11:07:21,145 - INFO - [Inference] batch_idx=796, local_results.size=26116096
2025-02-28 11:09:31,989 - INFO - [Inference] batch_idx=798, local_results.size=26181632
2025-02-28 11:11:43,174 - INFO - [Inference] batch_idx=800, local_results.size=26247168
2025-02-28 11:13:54,301 - INFO - [Inference] batch_idx=802, local_results.size=26312704
2025-02-28 11:16:05,631 - INFO - [Inference] batch_idx=804, local_results.size=26378240
2025-02-28 11:18:16,872 - INFO - [Inference] batch_idx=806, local_results.size=26443776
2025-02-28 11:20:27,825 - INFO - [Inference] batch_idx=808, local_results.size=26509312
2025-02-28 11:22:39,024 - INFO - [Inference] batch_idx=810, local_results.size=26574848
2025-02-28 11:24:50,200 - INFO - [Inference] batch_idx=812, local_results.size=26640384
2025-02-28 11:27:01,480 - INFO - [Inference] batch_idx=814, local_results.size=26705920
2025-02-28 11:29:12,840 - INFO - [Inference] batch_idx=816, local_results.size=26771456
2025-02-28 11:31:24,241 - INFO - [Inference] batch_idx=818, local_results.size=26836992
2025-02-28 11:33:35,574 - INFO - [Inference] batch_idx=820, local_results.size=26902528
2025-02-28 11:35:47,077 - INFO - [Inference] batch_idx=822, local_results.size=26968064
2025-02-28 11:37:58,417 - INFO - [Inference] batch_idx=824, local_results.size=27033600
2025-02-28 11:40:09,890 - INFO - [Inference] batch_idx=826, local_results.size=27099136
2025-02-28 11:42:21,149 - INFO - [Inference] batch_idx=828, local_results.size=27164672
2025-02-28 11:44:32,593 - INFO - [Inference] batch_idx=830, local_results.size=27230208
2025-02-28 11:46:43,936 - INFO - [Inference] batch_idx=832, local_results.size=27295744
2025-02-28 11:48:55,531 - INFO - [Inference] batch_idx=834, local_results.size=27361280
2025-02-28 11:51:06,988 - INFO - [Inference] batch_idx=836, local_results.size=27426816
2025-02-28 11:53:18,472 - INFO - [Inference] batch_idx=838, local_results.size=27492352
2025-02-28 11:55:30,114 - INFO - [Inference] batch_idx=840, local_results.size=27557888
2025-02-28 11:57:41,945 - INFO - [Inference] batch_idx=842, local_results.size=27623424
2025-02-28 11:59:53,823 - INFO - [Inference] batch_idx=844, local_results.size=27688960
2025-02-28 12:02:05,844 - INFO - [Inference] batch_idx=846, local_results.size=27754496
2025-02-28 12:04:17,698 - INFO - [Inference] batch_idx=848, local_results.size=27820032
2025-02-28 12:06:29,477 - INFO - [Inference] batch_idx=850, local_results.size=27885568
2025-02-28 12:08:41,468 - INFO - [Inference] batch_idx=852, local_results.size=27951104
2025-02-28 12:10:53,262 - INFO - [Inference] batch_idx=854, local_results.size=28016640
2025-02-28 12:13:05,023 - INFO - [Inference] batch_idx=856, local_results.size=28082176
2025-02-28 12:15:16,892 - INFO - [Inference] batch_idx=858, local_results.size=28147712
2025-02-28 12:17:28,814 - INFO - [Inference] batch_idx=860, local_results.size=28213248
2025-02-28 12:19:40,738 - INFO - [Inference] batch_idx=862, local_results.size=28278784
2025-02-28 12:21:52,562 - INFO - [Inference] batch_idx=864, local_results.size=28344320
2025-02-28 12:24:04,641 - INFO - [Inference] batch_idx=866, local_results.size=28409856
2025-02-28 12:26:16,304 - INFO - [Inference] batch_idx=868, local_results.size=28475392
2025-02-28 12:28:28,242 - INFO - [Inference] batch_idx=870, local_results.size=28540928
2025-02-28 12:30:40,163 - INFO - [Inference] batch_idx=872, local_results.size=28606464
2025-02-28 12:32:52,320 - INFO - [Inference] batch_idx=874, local_results.size=28672000
2025-02-28 12:35:04,125 - INFO - [Inference] batch_idx=876, local_results.size=28737536
2025-02-28 12:37:15,994 - INFO - [Inference] batch_idx=878, local_results.size=28803072
2025-02-28 12:39:28,038 - INFO - [Inference] batch_idx=880, local_results.size=28868608
2025-02-28 12:41:39,942 - INFO - [Inference] batch_idx=882, local_results.size=28934144
2025-02-28 12:43:51,992 - INFO - [Inference] batch_idx=884, local_results.size=28999680
2025-02-28 12:46:03,983 - INFO - [Inference] batch_idx=886, local_results.size=29065216
2025-02-28 12:48:16,058 - INFO - [Inference] batch_idx=888, local_results.size=29130752
2025-02-28 12:50:28,220 - INFO - [Inference] batch_idx=890, local_results.size=29196288
2025-02-28 12:52:40,112 - INFO - [Inference] batch_idx=892, local_results.size=29261824
2025-02-28 12:54:52,003 - INFO - [Inference] batch_idx=894, local_results.size=29327360
2025-02-28 12:57:03,862 - INFO - [Inference] batch_idx=896, local_results.size=29392896
2025-02-28 12:59:15,907 - INFO - [Inference] batch_idx=898, local_results.size=29458432
2025-02-28 13:01:27,865 - INFO - [Inference] batch_idx=900, local_results.size=29523968
2025-02-28 13:03:39,841 - INFO - [Inference] batch_idx=902, local_results.size=29589504
2025-02-28 13:05:51,981 - INFO - [Inference] batch_idx=904, local_results.size=29655040
2025-02-28 13:08:03,963 - INFO - [Inference] batch_idx=906, local_results.size=29720576
2025-02-28 13:10:16,293 - INFO - [Inference] batch_idx=908, local_results.size=29786112
2025-02-28 13:12:28,775 - INFO - [Inference] batch_idx=910, local_results.size=29851648
2025-02-28 13:14:40,744 - INFO - [Inference] batch_idx=912, local_results.size=29917184
2025-02-28 13:16:53,035 - INFO - [Inference] batch_idx=914, local_results.size=29982720
2025-02-28 13:19:05,168 - INFO - [Inference] batch_idx=916, local_results.size=30048256
2025-02-28 13:21:17,709 - INFO - [Inference] batch_idx=918, local_results.size=30113792
2025-02-28 13:23:30,148 - INFO - [Inference] batch_idx=920, local_results.size=30179328
2025-02-28 13:25:42,217 - INFO - [Inference] batch_idx=922, local_results.size=30244864
2025-02-28 13:27:54,304 - INFO - [Inference] batch_idx=924, local_results.size=30310400
2025-02-28 13:30:06,503 - INFO - [Inference] batch_idx=926, local_results.size=30375936
2025-02-28 13:32:18,549 - INFO - [Inference] batch_idx=928, local_results.size=30441472
2025-02-28 13:34:30,918 - INFO - [Inference] batch_idx=930, local_results.size=30507008
2025-02-28 13:36:43,166 - INFO - [Inference] batch_idx=932, local_results.size=30572544
2025-02-28 13:38:55,661 - INFO - [Inference] batch_idx=934, local_results.size=30638080
2025-02-28 13:41:08,009 - INFO - [Inference] batch_idx=936, local_results.size=30703616
2025-02-28 13:43:20,254 - INFO - [Inference] batch_idx=938, local_results.size=30769152
2025-02-28 13:45:32,501 - INFO - [Inference] batch_idx=940, local_results.size=30834688
2025-02-28 13:47:44,658 - INFO - [Inference] batch_idx=942, local_results.size=30900224
2025-02-28 13:49:57,068 - INFO - [Inference] batch_idx=944, local_results.size=30965760
2025-02-28 13:52:09,265 - INFO - [Inference] batch_idx=946, local_results.size=31031296
2025-02-28 13:54:21,465 - INFO - [Inference] batch_idx=948, local_results.size=31096832
2025-02-28 13:56:33,985 - INFO - [Inference] batch_idx=950, local_results.size=31162368
2025-02-28 13:58:46,365 - INFO - [Inference] batch_idx=952, local_results.size=31227904
2025-02-28 14:00:58,856 - INFO - [Inference] batch_idx=954, local_results.size=31293440
2025-02-28 14:03:11,193 - INFO - [Inference] batch_idx=956, local_results.size=31358976
2025-02-28 14:05:23,460 - INFO - [Inference] batch_idx=958, local_results.size=31424512
2025-02-28 14:07:35,698 - INFO - [Inference] batch_idx=960, local_results.size=31490048
2025-02-28 14:09:48,012 - INFO - [Inference] batch_idx=962, local_results.size=31555584
2025-02-28 14:12:00,481 - INFO - [Inference] batch_idx=964, local_results.size=31621120
2025-02-28 14:14:12,728 - INFO - [Inference] batch_idx=966, local_results.size=31686656
2025-02-28 14:16:24,929 - INFO - [Inference] batch_idx=968, local_results.size=31752192
2025-02-28 14:18:37,250 - INFO - [Inference] batch_idx=970, local_results.size=31817728
2025-02-28 14:20:49,549 - INFO - [Inference] batch_idx=972, local_results.size=31883264
2025-02-28 14:23:02,100 - INFO - [Inference] batch_idx=974, local_results.size=31948800
2025-02-28 14:25:14,484 - INFO - [Inference] batch_idx=976, local_results.size=32014336
2025-02-28 14:27:26,848 - INFO - [Inference] batch_idx=978, local_results.size=32079872
2025-02-28 14:29:39,264 - INFO - [Inference] batch_idx=980, local_results.size=32145408
2025-02-28 14:31:51,772 - INFO - [Inference] batch_idx=982, local_results.size=32210944
2025-02-28 14:34:04,275 - INFO - [Inference] batch_idx=984, local_results.size=32276480
2025-02-28 14:36:16,742 - INFO - [Inference] batch_idx=986, local_results.size=32342016
2025-02-28 14:38:29,082 - INFO - [Inference] batch_idx=988, local_results.size=32407552
2025-02-28 14:40:41,427 - INFO - [Inference] batch_idx=990, local_results.size=32473088
2025-02-28 14:42:53,741 - INFO - [Inference] batch_idx=992, local_results.size=32538624
2025-02-28 14:45:06,129 - INFO - [Inference] batch_idx=994, local_results.size=32604160
2025-02-28 14:47:18,572 - INFO - [Inference] batch_idx=996, local_results.size=32669696
2025-02-28 14:49:31,008 - INFO - [Inference] batch_idx=998, local_results.size=32735232
2025-02-28 14:51:43,354 - INFO - [Inference] batch_idx=1000, local_results.size=32800768
2025-02-28 14:53:55,850 - INFO - [Inference] batch_idx=1002, local_results.size=32866304
2025-02-28 14:56:08,225 - INFO - [Inference] batch_idx=1004, local_results.size=32931840
2025-02-28 14:58:20,570 - INFO - [Inference] batch_idx=1006, local_results.size=32997376
2025-02-28 15:00:32,949 - INFO - [Inference] batch_idx=1008, local_results.size=33062912
2025-02-28 15:02:45,344 - INFO - [Inference] batch_idx=1010, local_results.size=33128448
2025-02-28 15:04:57,755 - INFO - [Inference] batch_idx=1012, local_results.size=33193984
2025-02-28 15:07:10,394 - INFO - [Inference] batch_idx=1014, local_results.size=33259520
2025-02-28 15:09:21,100 - INFO - [Inference] batch_idx=1016, local_results.size=33325056
2025-02-28 15:11:32,206 - INFO - [Inference] batch_idx=1018, local_results.size=33390592
2025-02-28 15:13:44,206 - INFO - [Inference] batch_idx=1020, local_results.size=33456128
2025-02-28 15:15:56,584 - INFO - [Inference] batch_idx=1022, local_results.size=33521664
2025-02-28 15:18:08,959 - INFO - [Inference] batch_idx=1024, local_results.size=33587200
2025-02-28 15:20:21,369 - INFO - [Inference] batch_idx=1026, local_results.size=33652736
2025-02-28 15:22:33,768 - INFO - [Inference] batch_idx=1028, local_results.size=33718272
2025-02-28 15:24:46,228 - INFO - [Inference] batch_idx=1030, local_results.size=33783808
2025-02-28 15:26:58,702 - INFO - [Inference] batch_idx=1032, local_results.size=33849344
2025-02-28 15:29:11,226 - INFO - [Inference] batch_idx=1034, local_results.size=33914880
2025-02-28 15:31:23,763 - INFO - [Inference] batch_idx=1036, local_results.size=33980416
2025-02-28 15:33:34,621 - INFO - [Inference] batch_idx=1038, local_results.size=34045952
2025-02-28 15:35:46,163 - INFO - [Inference] batch_idx=1040, local_results.size=34111488
2025-02-28 15:37:58,267 - INFO - [Inference] batch_idx=1042, local_results.size=34177024
2025-02-28 15:40:10,527 - INFO - [Inference] batch_idx=1044, local_results.size=34242560
2025-02-28 15:42:22,632 - INFO - [Inference] batch_idx=1046, local_results.size=34308096
2025-02-28 15:44:34,826 - INFO - [Inference] batch_idx=1048, local_results.size=34373632
2025-02-28 15:46:47,031 - INFO - [Inference] batch_idx=1050, local_results.size=34439168
2025-02-28 15:48:59,352 - INFO - [Inference] batch_idx=1052, local_results.size=34504704
2025-02-28 15:51:11,529 - INFO - [Inference] batch_idx=1054, local_results.size=34570240
2025-02-28 15:53:23,678 - INFO - [Inference] batch_idx=1056, local_results.size=34635776
2025-02-28 15:55:35,996 - INFO - [Inference] batch_idx=1058, local_results.size=34701312
2025-02-28 15:57:48,136 - INFO - [Inference] batch_idx=1060, local_results.size=34766848
2025-02-28 16:00:00,408 - INFO - [Inference] batch_idx=1062, local_results.size=34832384
2025-02-28 16:02:12,559 - INFO - [Inference] batch_idx=1064, local_results.size=34897920
2025-02-28 16:04:24,846 - INFO - [Inference] batch_idx=1066, local_results.size=34963456
2025-02-28 16:06:36,965 - INFO - [Inference] batch_idx=1068, local_results.size=35028992
2025-02-28 16:08:49,157 - INFO - [Inference] batch_idx=1070, local_results.size=35094528
2025-02-28 16:11:01,622 - INFO - [Inference] batch_idx=1072, local_results.size=35160064
2025-02-28 16:13:13,721 - INFO - [Inference] batch_idx=1074, local_results.size=35225600
2025-02-28 16:15:25,888 - INFO - [Inference] batch_idx=1076, local_results.size=35291136
2025-02-28 16:17:38,254 - INFO - [Inference] batch_idx=1078, local_results.size=35356672
2025-02-28 16:19:50,564 - INFO - [Inference] batch_idx=1080, local_results.size=35422208
2025-02-28 16:22:02,581 - INFO - [Inference] batch_idx=1082, local_results.size=35487744
2025-02-28 16:24:14,164 - INFO - [Inference] batch_idx=1084, local_results.size=35553280
2025-02-28 16:26:25,989 - INFO - [Inference] batch_idx=1086, local_results.size=35618816
2025-02-28 16:28:37,843 - INFO - [Inference] batch_idx=1088, local_results.size=35684352
2025-02-28 16:30:50,182 - INFO - [Inference] batch_idx=1090, local_results.size=35749888
2025-02-28 16:33:02,478 - INFO - [Inference] batch_idx=1092, local_results.size=35815424
2025-02-28 16:35:14,863 - INFO - [Inference] batch_idx=1094, local_results.size=35880960
2025-02-28 16:37:27,351 - INFO - [Inference] batch_idx=1096, local_results.size=35946496
2025-02-28 16:39:39,542 - INFO - [Inference] batch_idx=1098, local_results.size=36012032
2025-02-28 16:41:52,219 - INFO - [Inference] batch_idx=1100, local_results.size=36077568
2025-02-28 16:44:04,535 - INFO - [Inference] batch_idx=1102, local_results.size=36143104
2025-02-28 16:46:16,972 - INFO - [Inference] batch_idx=1104, local_results.size=36208640
2025-02-28 16:48:29,573 - INFO - [Inference] batch_idx=1106, local_results.size=36274176
2025-02-28 16:50:42,001 - INFO - [Inference] batch_idx=1108, local_results.size=36339712
2025-02-28 16:52:54,448 - INFO - [Inference] batch_idx=1110, local_results.size=36405248
2025-02-28 16:55:07,118 - INFO - [Inference] batch_idx=1112, local_results.size=36470784
2025-02-28 16:57:19,406 - INFO - [Inference] batch_idx=1114, local_results.size=36536320
2025-02-28 16:59:31,889 - INFO - [Inference] batch_idx=1116, local_results.size=36601856
2025-02-28 17:01:44,389 - INFO - [Inference] batch_idx=1118, local_results.size=36667392
2025-02-28 17:03:57,154 - INFO - [Inference] batch_idx=1120, local_results.size=36732928
2025-02-28 17:06:09,635 - INFO - [Inference] batch_idx=1122, local_results.size=36798464
2025-02-28 17:08:21,961 - INFO - [Inference] batch_idx=1124, local_results.size=36864000
2025-02-28 17:10:34,626 - INFO - [Inference] batch_idx=1126, local_results.size=36929536
2025-02-28 17:12:47,340 - INFO - [Inference] batch_idx=1128, local_results.size=36995072
2025-02-28 17:14:59,791 - INFO - [Inference] batch_idx=1130, local_results.size=37060608
2025-02-28 17:17:11,653 - INFO - [Inference] batch_idx=1132, local_results.size=37126144
2025-02-28 17:19:22,304 - INFO - [Inference] batch_idx=1134, local_results.size=37191680
2025-02-28 17:21:32,586 - INFO - [Inference] batch_idx=1136, local_results.size=37257216
2025-02-28 17:23:43,040 - INFO - [Inference] batch_idx=1138, local_results.size=37322752
2025-02-28 17:25:53,275 - INFO - [Inference] batch_idx=1140, local_results.size=37388288
2025-02-28 17:28:03,604 - INFO - [Inference] batch_idx=1142, local_results.size=37453824
2025-02-28 17:30:13,886 - INFO - [Inference] batch_idx=1144, local_results.size=37519360
2025-02-28 17:32:24,324 - INFO - [Inference] batch_idx=1146, local_results.size=37584896
2025-02-28 17:34:34,597 - INFO - [Inference] batch_idx=1148, local_results.size=37650432
2025-02-28 17:36:44,875 - INFO - [Inference] batch_idx=1150, local_results.size=37715968
2025-02-28 17:38:55,476 - INFO - [Inference] batch_idx=1152, local_results.size=37781504
2025-02-28 17:41:06,120 - INFO - [Inference] batch_idx=1154, local_results.size=37847040
2025-02-28 17:43:17,007 - INFO - [Inference] batch_idx=1156, local_results.size=37912576
2025-02-28 17:45:28,046 - INFO - [Inference] batch_idx=1158, local_results.size=37978112
2025-02-28 17:47:39,450 - INFO - [Inference] batch_idx=1160, local_results.size=38043648
2025-02-28 17:49:50,761 - INFO - [Inference] batch_idx=1162, local_results.size=38109184
2025-02-28 17:52:02,521 - INFO - [Inference] batch_idx=1164, local_results.size=38174720
2025-02-28 17:54:14,515 - INFO - [Inference] batch_idx=1166, local_results.size=38240256
2025-02-28 17:56:26,754 - INFO - [Inference] batch_idx=1168, local_results.size=38305792
2025-02-28 17:58:38,690 - INFO - [Inference] batch_idx=1170, local_results.size=38371328
2025-02-28 18:00:50,634 - INFO - [Inference] batch_idx=1172, local_results.size=38436864
2025-02-28 18:03:02,555 - INFO - [Inference] batch_idx=1174, local_results.size=38502400
2025-02-28 18:05:14,737 - INFO - [Inference] batch_idx=1176, local_results.size=38567936
2025-02-28 18:07:26,912 - INFO - [Inference] batch_idx=1178, local_results.size=38633472
2025-02-28 18:09:38,037 - INFO - [Inference] batch_idx=1180, local_results.size=38699008
2025-02-28 18:11:49,348 - INFO - [Inference] batch_idx=1182, local_results.size=38764544
2025-02-28 18:14:00,889 - INFO - [Inference] batch_idx=1184, local_results.size=38830080
2025-02-28 18:16:12,559 - INFO - [Inference] batch_idx=1186, local_results.size=38895616
2025-02-28 18:18:24,177 - INFO - [Inference] batch_idx=1188, local_results.size=38961152
2025-02-28 18:20:35,973 - INFO - [Inference] batch_idx=1190, local_results.size=39026688
2025-02-28 18:22:47,764 - INFO - [Inference] batch_idx=1192, local_results.size=39092224
2025-02-28 18:24:59,443 - INFO - [Inference] batch_idx=1194, local_results.size=39157760
2025-02-28 18:27:11,705 - INFO - [Inference] batch_idx=1196, local_results.size=39223296
2025-02-28 18:29:24,167 - INFO - [Inference] batch_idx=1198, local_results.size=39288832
2025-02-28 18:31:36,675 - INFO - [Inference] batch_idx=1200, local_results.size=39354368
2025-02-28 18:33:49,110 - INFO - [Inference] batch_idx=1202, local_results.size=39419904
2025-02-28 18:36:01,561 - INFO - [Inference] batch_idx=1204, local_results.size=39485440
2025-02-28 18:38:14,008 - INFO - [Inference] batch_idx=1206, local_results.size=39550976
2025-02-28 18:40:26,531 - INFO - [Inference] batch_idx=1208, local_results.size=39616512
2025-02-28 18:42:38,936 - INFO - [Inference] batch_idx=1210, local_results.size=39682048
2025-02-28 18:44:51,430 - INFO - [Inference] batch_idx=1212, local_results.size=39747584
2025-02-28 18:47:03,900 - INFO - [Inference] batch_idx=1214, local_results.size=39813120
2025-02-28 18:49:16,313 - INFO - [Inference] batch_idx=1216, local_results.size=39878656
2025-02-28 18:51:28,792 - INFO - [Inference] batch_idx=1218, local_results.size=39944192
2025-02-28 18:53:41,207 - INFO - [Inference] batch_idx=1220, local_results.size=40009728
2025-02-28 18:55:53,656 - INFO - [Inference] batch_idx=1222, local_results.size=40075264
2025-02-28 18:58:06,236 - INFO - [Inference] batch_idx=1224, local_results.size=40140800
2025-02-28 19:00:18,786 - INFO - [Inference] batch_idx=1226, local_results.size=40206336
2025-02-28 19:02:31,289 - INFO - [Inference] batch_idx=1228, local_results.size=40271872
2025-02-28 19:04:43,768 - INFO - [Inference] batch_idx=1230, local_results.size=40337408
2025-02-28 19:06:56,164 - INFO - [Inference] batch_idx=1232, local_results.size=40402944
2025-02-28 19:09:08,746 - INFO - [Inference] batch_idx=1234, local_results.size=40468480
2025-02-28 19:11:21,278 - INFO - [Inference] batch_idx=1236, local_results.size=40534016
2025-02-28 19:13:33,693 - INFO - [Inference] batch_idx=1238, local_results.size=40599552
2025-02-28 19:15:46,313 - INFO - [Inference] batch_idx=1240, local_results.size=40665088
2025-02-28 19:17:58,861 - INFO - [Inference] batch_idx=1242, local_results.size=40730624
2025-02-28 19:20:11,481 - INFO - [Inference] batch_idx=1244, local_results.size=40796160
2025-02-28 19:22:24,062 - INFO - [Inference] batch_idx=1246, local_results.size=40861696
2025-02-28 19:24:36,751 - INFO - [Inference] batch_idx=1248, local_results.size=40927232
2025-02-28 19:26:49,499 - INFO - [Inference] batch_idx=1250, local_results.size=40992768
2025-02-28 19:29:02,284 - INFO - [Inference] batch_idx=1252, local_results.size=41058304
2025-02-28 19:31:15,059 - INFO - [Inference] batch_idx=1254, local_results.size=41123840
2025-02-28 19:33:27,847 - INFO - [Inference] batch_idx=1256, local_results.size=41189376
2025-02-28 19:35:38,871 - INFO - [Inference] batch_idx=1258, local_results.size=41254912
2025-02-28 19:37:49,816 - INFO - [Inference] batch_idx=1260, local_results.size=41320448
2025-02-28 19:40:03,682 - INFO - [Inference] batch_idx=1262, local_results.size=41385984
2025-02-28 19:42:14,700 - INFO - [Inference] batch_idx=1264, local_results.size=41451520
2025-02-28 19:44:25,944 - INFO - [Inference] batch_idx=1266, local_results.size=41517056
2025-02-28 19:46:37,287 - INFO - [Inference] batch_idx=1268, local_results.size=41582592
2025-02-28 19:48:48,912 - INFO - [Inference] batch_idx=1270, local_results.size=41648128
2025-02-28 19:51:00,631 - INFO - [Inference] batch_idx=1272, local_results.size=41713664
2025-02-28 19:53:12,597 - INFO - [Inference] batch_idx=1274, local_results.size=41779200
2025-02-28 19:55:24,619 - INFO - [Inference] batch_idx=1276, local_results.size=41844736
2025-02-28 19:57:36,838 - INFO - [Inference] batch_idx=1278, local_results.size=41910272
2025-02-28 19:59:49,382 - INFO - [Inference] batch_idx=1280, local_results.size=41975808
2025-02-28 20:02:01,904 - INFO - [Inference] batch_idx=1282, local_results.size=42041344
2025-02-28 20:04:14,498 - INFO - [Inference] batch_idx=1284, local_results.size=42106880
2025-02-28 20:06:27,059 - INFO - [Inference] batch_idx=1286, local_results.size=42172416
2025-02-28 20:08:39,372 - INFO - [Inference] batch_idx=1288, local_results.size=42237952
2025-02-28 20:10:52,254 - INFO - [Inference] batch_idx=1290, local_results.size=42303488
2025-02-28 20:13:04,629 - INFO - [Inference] batch_idx=1292, local_results.size=42369024
2025-02-28 20:15:17,506 - INFO - [Inference] batch_idx=1294, local_results.size=42434560
2025-02-28 20:20:22,947 - INFO - final_gidx_np.shape=(42448942,), final_vecs_np.shape=(42448942, 128)
2025-02-28 20:27:16,146 - INFO - Saved final representation to /scratch/zf281/jovana/representation/11SLA_representations.npy, shape=(10510, 6651, 128)
