Loading default-dawn
  Loading requirement: dawn-env/2023-12-22 dawn-env/2024-04-15
    dawn-env/2024-12-01 rhel8/global rhel8/slurm
Loading intel-oneapi-mpi/2021.14.1/oneapi/6qxeyc5c
  Loading requirement: glibc/2.28/gcc/olqvxojx
Loading intel-oneapi-compilers/2025.0.4/gcc/umo7dwbo
  Loading requirement: gcc-runtime/14.2.0/gcc/w62p4k2j
    zlib-ng/2.2.1/gcc/driavgwo zstd/1.5.6/gcc/vspjj6g4
    binutils/2.43.1/gcc/ohtm4il2
[W224 22:48:13.379173485 OperatorEntry.cpp:155] Warning: Warning only once for all operators,  other operators may also be overridden.
  Overriding a previously registered kernel for the same operator and the same dispatch key
  operator: aten::_cummax_helper(Tensor self, Tensor(a!) values, Tensor(b!) indices, int dim) -> ()
    registered at /build/pytorch/build/aten/src/ATen/RegisterSchema.cpp:6
  dispatch key: XPU
  previous kernel: registered at /build/pytorch/build/aten/src/ATen/RegisterCPU.cpp:30476
       new kernel: registered at /build/intel-pytorch-extension/build/Release/csrc/gpu/csrc/aten/generated/ATen/RegisterXPU.cpp:2971 (function operator())
[W224 22:48:13.379068307 OperatorEntry.cpp:155] Warning: Warning only once for all operators,  other operators may also be overridden.
  Overriding a previously registered kernel for the same operator and the same dispatch key
  operator: aten::_cummax_helper(Tensor self, Tensor(a!) values, Tensor(b!) indices, int dim) -> ()
    registered at /build/pytorch/build/aten/src/ATen/RegisterSchema.cpp:6
  dispatch key: XPU
  previous kernel: registered at /build/pytorch/build/aten/src/ATen/RegisterCPU.cpp:30476
       new kernel: registered at /build/intel-pytorch-extension/build/Release/csrc/gpu/csrc/aten/generated/ATen/RegisterXPU.cpp:2971 (function operator())
[W224 22:48:13.379353366 OperatorEntry.cpp:155] Warning: Warning only once for all operators,  other operators may also be overridden.
  Overriding a previously registered kernel for the same operator and the same dispatch key
  operator: aten::_cummax_helper(Tensor self, Tensor(a!) values, Tensor(b!) indices, int dim) -> ()
    registered at /build/pytorch/build/aten/src/ATen/RegisterSchema.cpp:6
  dispatch key: XPU
  previous kernel: registered at /build/pytorch/build/aten/src/ATen/RegisterCPU.cpp:30476
       new kernel: registered at /build/intel-pytorch-extension/build/Release/csrc/gpu/csrc/aten/generated/ATen/RegisterXPU.cpp:2971 (function operator())
[W224 22:48:13.379222100 OperatorEntry.cpp:155] Warning: Warning only once for all operators,  other operators may also be overridden.
  Overriding a previously registered kernel for the same operator and the same dispatch key
  operator: aten::_cummax_helper(Tensor self, Tensor(a!) values, Tensor(b!) indices, int dim) -> ()
    registered at /build/pytorch/build/aten/src/ATen/RegisterSchema.cpp:6
  dispatch key: XPU
  previous kernel: registered at /build/pytorch/build/aten/src/ATen/RegisterCPU.cpp:30476
       new kernel: registered at /build/intel-pytorch-extension/build/Release/csrc/gpu/csrc/aten/generated/ATen/RegisterXPU.cpp:2971 (function operator())
[W224 22:48:13.379294015 OperatorEntry.cpp:155] Warning: Warning only once for all operators,  other operators may also be overridden.
  Overriding a previously registered kernel for the same operator and the same dispatch key
  operator: aten::_cummax_helper(Tensor self, Tensor(a!) values, Tensor(b!) indices, int dim) -> ()
    registered at /build/pytorch/build/aten/src/ATen/RegisterSchema.cpp:6
  dispatch key: XPU
  previous kernel: registered at /build/pytorch/build/aten/src/ATen/RegisterCPU.cpp:30476
       new kernel: registered at /build/intel-pytorch-extension/build/Release/csrc/gpu/csrc/aten/generated/ATen/RegisterXPU.cpp:2971 (function operator())
[W224 22:48:13.379373657 OperatorEntry.cpp:155] Warning: Warning only once for all operators,  other operators may also be overridden.
  Overriding a previously registered kernel for the same operator and the same dispatch key
  operator: aten::_cummax_helper(Tensor self, Tensor(a!) values, Tensor(b!) indices, int dim) -> ()
    registered at /build/pytorch/build/aten/src/ATen/RegisterSchema.cpp:6
  dispatch key: XPU
  previous kernel: registered at /build/pytorch/build/aten/src/ATen/RegisterCPU.cpp:30476
       new kernel: registered at /build/intel-pytorch-extension/build/Release/csrc/gpu/csrc/aten/generated/ATen/RegisterXPU.cpp:2971 (function operator())
[W224 22:48:13.379417421 OperatorEntry.cpp:155] Warning: Warning only once for all operators,  other operators may also be overridden.
  Overriding a previously registered kernel for the same operator and the same dispatch key
  operator: aten::_cummax_helper(Tensor self, Tensor(a!) values, Tensor(b!) indices, int dim) -> ()
    registered at /build/pytorch/build/aten/src/ATen/RegisterSchema.cpp:6
  dispatch key: XPU
  previous kernel: registered at /build/pytorch/build/aten/src/ATen/RegisterCPU.cpp:30476
       new kernel: registered at /build/intel-pytorch-extension/build/Release/csrc/gpu/csrc/aten/generated/ATen/RegisterXPU.cpp:2971 (function operator())
[W224 22:48:13.379452264 OperatorEntry.cpp:155] Warning: Warning only once for all operators,  other operators may also be overridden.
  Overriding a previously registered kernel for the same operator and the same dispatch key
  operator: aten::_cummax_helper(Tensor self, Tensor(a!) values, Tensor(b!) indices, int dim) -> ()
    registered at /build/pytorch/build/aten/src/ATen/RegisterSchema.cpp:6
  dispatch key: XPU
  previous kernel: registered at /build/pytorch/build/aten/src/ATen/RegisterCPU.cpp:30476
       new kernel: registered at /build/intel-pytorch-extension/build/Release/csrc/gpu/csrc/aten/generated/ATen/RegisterXPU.cpp:2971 (function operator())
[rank6]: Traceback (most recent call last):
[rank6]:   File "/rds/user/zf281/hpc-work/Files/btfm4rs/src/train_multi_xpu.py", line 486, in <module>
[rank6]:     main()
[rank6]:   File "/rds/user/zf281/hpc-work/Files/btfm4rs/src/train_multi_xpu.py", line 138, in main
[rank6]:     with open(args_cli.config, "r") as f:
[rank6]: FileNotFoundError: [Errno 2] No such file or directory: 'configs/ssl_config.py'
[rank1]: Traceback (most recent call last):
[rank1]:   File "/rds/user/zf281/hpc-work/Files/btfm4rs/src/train_multi_xpu.py", line 486, in <module>
[rank1]:     main()
[rank1]:   File "/rds/user/zf281/hpc-work/Files/btfm4rs/src/train_multi_xpu.py", line 138, in main
[rank1]:     with open(args_cli.config, "r") as f:
[rank1]: FileNotFoundError: [Errno 2] No such file or directory: 'configs/ssl_config.py'
[rank3]: Traceback (most recent call last):
[rank3]:   File "/rds/user/zf281/hpc-work/Files/btfm4rs/src/train_multi_xpu.py", line 486, in <module>
[rank3]:     main()
[rank3]:   File "/rds/user/zf281/hpc-work/Files/btfm4rs/src/train_multi_xpu.py", line 138, in main
[rank3]:     with open(args_cli.config, "r") as f:
[rank3]: FileNotFoundError: [Errno 2] No such file or directory: 'configs/ssl_config.py'
[rank5]: Traceback (most recent call last):
[rank5]:   File "/rds/user/zf281/hpc-work/Files/btfm4rs/src/train_multi_xpu.py", line 486, in <module>
[rank5]:     main()
[rank5]:   File "/rds/user/zf281/hpc-work/Files/btfm4rs/src/train_multi_xpu.py", line 138, in main
[rank5]:     with open(args_cli.config, "r") as f:
[rank5]: FileNotFoundError: [Errno 2] No such file or directory: 'configs/ssl_config.py'
[rank7]: Traceback (most recent call last):
[rank7]:   File "/rds/user/zf281/hpc-work/Files/btfm4rs/src/train_multi_xpu.py", line 486, in <module>
[rank7]:     main()
[rank7]:   File "/rds/user/zf281/hpc-work/Files/btfm4rs/src/train_multi_xpu.py", line 138, in main
[rank7]:     with open(args_cli.config, "r") as f:
[rank7]: FileNotFoundError: [Errno 2] No such file or directory: 'configs/ssl_config.py'
[rank4]: Traceback (most recent call last):
[rank4]:   File "/rds/user/zf281/hpc-work/Files/btfm4rs/src/train_multi_xpu.py", line 486, in <module>
[rank4]:     main()
[rank4]:   File "/rds/user/zf281/hpc-work/Files/btfm4rs/src/train_multi_xpu.py", line 138, in main
[rank4]:     with open(args_cli.config, "r") as f:
[rank4]: FileNotFoundError: [Errno 2] No such file or directory: 'configs/ssl_config.py'
[rank2]: Traceback (most recent call last):
[rank2]:   File "/rds/user/zf281/hpc-work/Files/btfm4rs/src/train_multi_xpu.py", line 486, in <module>
[rank2]:     main()
[rank2]:   File "/rds/user/zf281/hpc-work/Files/btfm4rs/src/train_multi_xpu.py", line 138, in main
[rank2]:     with open(args_cli.config, "r") as f:
[rank2]: FileNotFoundError: [Errno 2] No such file or directory: 'configs/ssl_config.py'
[rank0]: Traceback (most recent call last):
[rank0]:   File "/rds/user/zf281/hpc-work/Files/btfm4rs/src/train_multi_xpu.py", line 486, in <module>
[rank0]:     main()
[rank0]:   File "/rds/user/zf281/hpc-work/Files/btfm4rs/src/train_multi_xpu.py", line 138, in main
[rank0]:     with open(args_cli.config, "r") as f:
[rank0]: FileNotFoundError: [Errno 2] No such file or directory: 'configs/ssl_config.py'
[W224 22:50:07.384249336 OperatorEntry.cpp:155] Warning: Warning only once for all operators,  other operators may also be overridden.
  Overriding a previously registered kernel for the same operator and the same dispatch key
  operator: aten::_cummax_helper(Tensor self, Tensor(a!) values, Tensor(b!) indices, int dim) -> ()
    registered at /build/pytorch/build/aten/src/ATen/RegisterSchema.cpp:6
  dispatch key: XPU
  previous kernel: registered at /build/pytorch/build/aten/src/ATen/RegisterCPU.cpp:30476
       new kernel: registered at /build/intel-pytorch-extension/build/Release/csrc/gpu/csrc/aten/generated/ATen/RegisterXPU.cpp:2971 (function operator())
[W224 22:50:07.681926222 OperatorEntry.cpp:155] Warning: Warning only once for all operators,  other operators may also be overridden.
  Overriding a previously registered kernel for the same operator and the same dispatch key
  operator: aten::_cummax_helper(Tensor self, Tensor(a!) values, Tensor(b!) indices, int dim) -> ()
    registered at /build/pytorch/build/aten/src/ATen/RegisterSchema.cpp:6
  dispatch key: XPU
  previous kernel: registered at /build/pytorch/build/aten/src/ATen/RegisterCPU.cpp:30476
       new kernel: registered at /build/intel-pytorch-extension/build/Release/csrc/gpu/csrc/aten/generated/ATen/RegisterXPU.cpp:2971 (function operator())
[W224 22:50:07.697445524 OperatorEntry.cpp:155] Warning: Warning only once for all operators,  other operators may also be overridden.
  Overriding a previously registered kernel for the same operator and the same dispatch key
  operator: aten::_cummax_helper(Tensor self, Tensor(a!) values, Tensor(b!) indices, int dim) -> ()
    registered at /build/pytorch/build/aten/src/ATen/RegisterSchema.cpp:6
  dispatch key: XPU
  previous kernel: registered at /build/pytorch/build/aten/src/ATen/RegisterCPU.cpp:30476
       new kernel: registered at /build/intel-pytorch-extension/build/Release/csrc/gpu/csrc/aten/generated/ATen/RegisterXPU.cpp:2971 (function operator())
[W224 22:50:07.697583251 OperatorEntry.cpp:155] Warning: Warning only once for all operators,  other operators may also be overridden.
  Overriding a previously registered kernel for the same operator and the same dispatch key
  operator: aten::_cummax_helper(Tensor self, Tensor(a!) values, Tensor(b!) indices, int dim) -> ()
    registered at /build/pytorch/build/aten/src/ATen/RegisterSchema.cpp:6
  dispatch key: XPU
  previous kernel: registered at /build/pytorch/build/aten/src/ATen/RegisterCPU.cpp:30476
       new kernel: registered at /build/intel-pytorch-extension/build/Release/csrc/gpu/csrc/aten/generated/ATen/RegisterXPU.cpp:2971 (function operator())
[W224 22:50:07.697858436 OperatorEntry.cpp:155] Warning: Warning only once for all operators,  other operators may also be overridden.
  Overriding a previously registered kernel for the same operator and the same dispatch key
  operator: aten::_cummax_helper(Tensor self, Tensor(a!) values, Tensor(b!) indices, int dim) -> ()
    registered at /build/pytorch/build/aten/src/ATen/RegisterSchema.cpp:6
  dispatch key: XPU
  previous kernel: registered at /build/pytorch/build/aten/src/ATen/RegisterCPU.cpp:30476
       new kernel: registered at /build/intel-pytorch-extension/build/Release/csrc/gpu/csrc/aten/generated/ATen/RegisterXPU.cpp:2971 (function operator())
[W224 22:50:07.725723365 OperatorEntry.cpp:155] Warning: Warning only once for all operators,  other operators may also be overridden.
  Overriding a previously registered kernel for the same operator and the same dispatch key
  operator: aten::_cummax_helper(Tensor self, Tensor(a!) values, Tensor(b!) indices, int dim) -> ()
    registered at /build/pytorch/build/aten/src/ATen/RegisterSchema.cpp:6
  dispatch key: XPU
  previous kernel: registered at /build/pytorch/build/aten/src/ATen/RegisterCPU.cpp:30476
       new kernel: registered at /build/intel-pytorch-extension/build/Release/csrc/gpu/csrc/aten/generated/ATen/RegisterXPU.cpp:2971 (function operator())
[W224 22:50:07.725681446 OperatorEntry.cpp:155] Warning: Warning only once for all operators,  other operators may also be overridden.
  Overriding a previously registered kernel for the same operator and the same dispatch key
  operator: aten::_cummax_helper(Tensor self, Tensor(a!) values, Tensor(b!) indices, int dim) -> ()
    registered at /build/pytorch/build/aten/src/ATen/RegisterSchema.cpp:6
  dispatch key: XPU
  previous kernel: registered at /build/pytorch/build/aten/src/ATen/RegisterCPU.cpp:30476
       new kernel: registered at /build/intel-pytorch-extension/build/Release/csrc/gpu/csrc/aten/generated/ATen/RegisterXPU.cpp:2971 (function operator())
[W224 22:50:08.937652511 OperatorEntry.cpp:155] Warning: Warning only once for all operators,  other operators may also be overridden.
  Overriding a previously registered kernel for the same operator and the same dispatch key
  operator: aten::_cummax_helper(Tensor self, Tensor(a!) values, Tensor(b!) indices, int dim) -> ()
    registered at /build/pytorch/build/aten/src/ATen/RegisterSchema.cpp:6
  dispatch key: XPU
  previous kernel: registered at /build/pytorch/build/aten/src/ATen/RegisterCPU.cpp:30476
       new kernel: registered at /build/intel-pytorch-extension/build/Release/csrc/gpu/csrc/aten/generated/ATen/RegisterXPU.cpp:2971 (function operator())
[rank2]: Traceback (most recent call last):
[rank2]:   File "/rds/user/zf281/hpc-work/Files/btfm4rs/src/train_multi_xpu.py", line 486, in <module>
[rank2]:     main()
[rank2]:   File "/rds/user/zf281/hpc-work/Files/btfm4rs/src/train_multi_xpu.py", line 138, in main
[rank2]:     with open(args_cli.config, "r") as f:
[rank2]: FileNotFoundError: [Errno 2] No such file or directory: 'configs/ssl_config.py'
[rank5]: Traceback (most recent call last):
[rank5]:   File "/rds/user/zf281/hpc-work/Files/btfm4rs/src/train_multi_xpu.py", line 486, in <module>
[rank5]:     main()
[rank5]:   File "/rds/user/zf281/hpc-work/Files/btfm4rs/src/train_multi_xpu.py", line 138, in main
[rank5]:     with open(args_cli.config, "r") as f:
[rank5]: FileNotFoundError: [Errno 2] No such file or directory: 'configs/ssl_config.py'
[rank1]: Traceback (most recent call last):
[rank1]:   File "/rds/user/zf281/hpc-work/Files/btfm4rs/src/train_multi_xpu.py", line 486, in <module>
[rank1]:     main()
[rank1]:   File "/rds/user/zf281/hpc-work/Files/btfm4rs/src/train_multi_xpu.py", line 138, in main
[rank1]:     with open(args_cli.config, "r") as f:
[rank1]: FileNotFoundError: [Errno 2] No such file or directory: 'configs/ssl_config.py'
[rank4]: Traceback (most recent call last):
[rank4]:   File "/rds/user/zf281/hpc-work/Files/btfm4rs/src/train_multi_xpu.py", line 486, in <module>
[rank4]:     main()
[rank4]:   File "/rds/user/zf281/hpc-work/Files/btfm4rs/src/train_multi_xpu.py", line 138, in main
[rank4]:     with open(args_cli.config, "r") as f:
[rank4]: FileNotFoundError: [Errno 2] No such file or directory: 'configs/ssl_config.py'
[rank3]: Traceback (most recent call last):
[rank3]:   File "/rds/user/zf281/hpc-work/Files/btfm4rs/src/train_multi_xpu.py", line 486, in <module>
[rank3]:     main()
[rank3]:   File "/rds/user/zf281/hpc-work/Files/btfm4rs/src/train_multi_xpu.py", line 138, in main
[rank3]:     with open(args_cli.config, "r") as f:
[rank3]: FileNotFoundError: [Errno 2] No such file or directory: 'configs/ssl_config.py'
[rank6]: Traceback (most recent call last):
[rank6]:   File "/rds/user/zf281/hpc-work/Files/btfm4rs/src/train_multi_xpu.py", line 486, in <module>
[rank6]:     main()
[rank6]:   File "/rds/user/zf281/hpc-work/Files/btfm4rs/src/train_multi_xpu.py", line 138, in main
[rank6]:     with open(args_cli.config, "r") as f:
[rank6]: FileNotFoundError: [Errno 2] No such file or directory: 'configs/ssl_config.py'
[rank7]: Traceback (most recent call last):
[rank7]:   File "/rds/user/zf281/hpc-work/Files/btfm4rs/src/train_multi_xpu.py", line 486, in <module>
[rank7]:     main()
[rank7]:   File "/rds/user/zf281/hpc-work/Files/btfm4rs/src/train_multi_xpu.py", line 138, in main
[rank7]:     with open(args_cli.config, "r") as f:
[rank7]: FileNotFoundError: [Errno 2] No such file or directory: 'configs/ssl_config.py'
[rank0]: Traceback (most recent call last):
[rank0]:   File "/rds/user/zf281/hpc-work/Files/btfm4rs/src/train_multi_xpu.py", line 486, in <module>
[rank0]:     main()
[rank0]:   File "/rds/user/zf281/hpc-work/Files/btfm4rs/src/train_multi_xpu.py", line 138, in main
[rank0]:     with open(args_cli.config, "r") as f:
[rank0]: FileNotFoundError: [Errno 2] No such file or directory: 'configs/ssl_config.py'
[W224 22:50:20.303132686 OperatorEntry.cpp:155] Warning: Warning only once for all operators,  other operators may also be overridden.
  Overriding a previously registered kernel for the same operator and the same dispatch key
  operator: aten::_cummax_helper(Tensor self, Tensor(a!) values, Tensor(b!) indices, int dim) -> ()
    registered at /build/pytorch/build/aten/src/ATen/RegisterSchema.cpp:6
  dispatch key: XPU
  previous kernel: registered at /build/pytorch/build/aten/src/ATen/RegisterCPU.cpp:30476
       new kernel: registered at /build/intel-pytorch-extension/build/Release/csrc/gpu/csrc/aten/generated/ATen/RegisterXPU.cpp:2971 (function operator())
[W224 22:50:20.397633249 OperatorEntry.cpp:155] Warning: Warning only once for all operators,  other operators may also be overridden.
  Overriding a previously registered kernel for the same operator and the same dispatch key
  operator: aten::_cummax_helper(Tensor self, Tensor(a!) values, Tensor(b!) indices, int dim) -> ()
    registered at /build/pytorch/build/aten/src/ATen/RegisterSchema.cpp:6
  dispatch key: XPU
  previous kernel: registered at /build/pytorch/build/aten/src/ATen/RegisterCPU.cpp:30476
       new kernel: registered at /build/intel-pytorch-extension/build/Release/csrc/gpu/csrc/aten/generated/ATen/RegisterXPU.cpp:2971 (function operator())
[W224 22:50:20.434530970 OperatorEntry.cpp:155] Warning: Warning only once for all operators,  other operators may also be overridden.
  Overriding a previously registered kernel for the same operator and the same dispatch key
  operator: aten::_cummax_helper(Tensor self, Tensor(a!) values, Tensor(b!) indices, int dim) -> ()
    registered at /build/pytorch/build/aten/src/ATen/RegisterSchema.cpp:6
  dispatch key: XPU
  previous kernel: registered at /build/pytorch/build/aten/src/ATen/RegisterCPU.cpp:30476
       new kernel: registered at /build/intel-pytorch-extension/build/Release/csrc/gpu/csrc/aten/generated/ATen/RegisterXPU.cpp:2971 (function operator())
[W224 22:50:20.464818790 OperatorEntry.cpp:155] Warning: Warning only once for all operators,  other operators may also be overridden.
  Overriding a previously registered kernel for the same operator and the same dispatch key
  operator: aten::_cummax_helper(Tensor self, Tensor(a!) values, Tensor(b!) indices, int dim) -> ()
    registered at /build/pytorch/build/aten/src/ATen/RegisterSchema.cpp:6
  dispatch key: XPU
  previous kernel: registered at /build/pytorch/build/aten/src/ATen/RegisterCPU.cpp:30476
       new kernel: registered at /build/intel-pytorch-extension/build/Release/csrc/gpu/csrc/aten/generated/ATen/RegisterXPU.cpp:2971 (function operator())
[W224 22:50:20.657375188 OperatorEntry.cpp:155] Warning: Warning only once for all operators,  other operators may also be overridden.
  Overriding a previously registered kernel for the same operator and the same dispatch key
  operator: aten::_cummax_helper(Tensor self, Tensor(a!) values, Tensor(b!) indices, int dim) -> ()
    registered at /build/pytorch/build/aten/src/ATen/RegisterSchema.cpp:6
  dispatch key: XPU
  previous kernel: registered at /build/pytorch/build/aten/src/ATen/RegisterCPU.cpp:30476
       new kernel: registered at /build/intel-pytorch-extension/build/Release/csrc/gpu/csrc/aten/generated/ATen/RegisterXPU.cpp:2971 (function operator())
[W224 22:50:20.688608323 OperatorEntry.cpp:155] Warning: Warning only once for all operators,  other operators may also be overridden.
  Overriding a previously registered kernel for the same operator and the same dispatch key
  operator: aten::_cummax_helper(Tensor self, Tensor(a!) values, Tensor(b!) indices, int dim) -> ()
    registered at /build/pytorch/build/aten/src/ATen/RegisterSchema.cpp:6
  dispatch key: XPU
  previous kernel: registered at /build/pytorch/build/aten/src/ATen/RegisterCPU.cpp:30476
       new kernel: registered at /build/intel-pytorch-extension/build/Release/csrc/gpu/csrc/aten/generated/ATen/RegisterXPU.cpp:2971 (function operator())
[W224 22:50:21.857235761 OperatorEntry.cpp:155] Warning: Warning only once for all operators,  other operators may also be overridden.
  Overriding a previously registered kernel for the same operator and the same dispatch key
  operator: aten::_cummax_helper(Tensor self, Tensor(a!) values, Tensor(b!) indices, int dim) -> ()
    registered at /build/pytorch/build/aten/src/ATen/RegisterSchema.cpp:6
  dispatch key: XPU
  previous kernel: registered at /build/pytorch/build/aten/src/ATen/RegisterCPU.cpp:30476
       new kernel: registered at /build/intel-pytorch-extension/build/Release/csrc/gpu/csrc/aten/generated/ATen/RegisterXPU.cpp:2971 (function operator())
[W224 22:50:21.857528348 OperatorEntry.cpp:155] Warning: Warning only once for all operators,  other operators may also be overridden.
  Overriding a previously registered kernel for the same operator and the same dispatch key
  operator: aten::_cummax_helper(Tensor self, Tensor(a!) values, Tensor(b!) indices, int dim) -> ()
    registered at /build/pytorch/build/aten/src/ATen/RegisterSchema.cpp:6
  dispatch key: XPU
  previous kernel: registered at /build/pytorch/build/aten/src/ATen/RegisterCPU.cpp:30476
       new kernel: registered at /build/intel-pytorch-extension/build/Release/csrc/gpu/csrc/aten/generated/ATen/RegisterXPU.cpp:2971 (function operator())
[rank7]: Traceback (most recent call last):
[rank7]:   File "/rds/user/zf281/hpc-work/Files/btfm4rs/src/train_multi_xpu.py", line 486, in <module>
[rank7]:     main()
[rank7]:   File "/rds/user/zf281/hpc-work/Files/btfm4rs/src/train_multi_xpu.py", line 138, in main
[rank7]:     with open(args_cli.config, "r") as f:
[rank7]: FileNotFoundError: [Errno 2] No such file or directory: 'configs/ssl_config.py'
[rank2]: Traceback (most recent call last):
[rank2]:   File "/rds/user/zf281/hpc-work/Files/btfm4rs/src/train_multi_xpu.py", line 486, in <module>
[rank2]:     main()
[rank2]:   File "/rds/user/zf281/hpc-work/Files/btfm4rs/src/train_multi_xpu.py", line 138, in main
[rank2]:     with open(args_cli.config, "r") as f:
[rank2]: FileNotFoundError: [Errno 2] No such file or directory: 'configs/ssl_config.py'
[rank6]: Traceback (most recent call last):
[rank6]:   File "/rds/user/zf281/hpc-work/Files/btfm4rs/src/train_multi_xpu.py", line 486, in <module>
[rank6]:     main()
[rank6]:   File "/rds/user/zf281/hpc-work/Files/btfm4rs/src/train_multi_xpu.py", line 138, in main
[rank6]:     with open(args_cli.config, "r") as f:
[rank6]: FileNotFoundError: [Errno 2] No such file or directory: 'configs/ssl_config.py'
[rank4]: Traceback (most recent call last):
[rank4]:   File "/rds/user/zf281/hpc-work/Files/btfm4rs/src/train_multi_xpu.py", line 486, in <module>
[rank4]:     main()
[rank4]:   File "/rds/user/zf281/hpc-work/Files/btfm4rs/src/train_multi_xpu.py", line 138, in main
[rank4]:     with open(args_cli.config, "r") as f:
[rank4]: FileNotFoundError: [Errno 2] No such file or directory: 'configs/ssl_config.py'
[rank1]: Traceback (most recent call last):
[rank1]:   File "/rds/user/zf281/hpc-work/Files/btfm4rs/src/train_multi_xpu.py", line 486, in <module>
[rank1]:     main()
[rank1]:   File "/rds/user/zf281/hpc-work/Files/btfm4rs/src/train_multi_xpu.py", line 138, in main
[rank1]:     with open(args_cli.config, "r") as f:
[rank1]: FileNotFoundError: [Errno 2] No such file or directory: 'configs/ssl_config.py'
[rank3]: Traceback (most recent call last):
[rank3]:   File "/rds/user/zf281/hpc-work/Files/btfm4rs/src/train_multi_xpu.py", line 486, in <module>
[rank3]:     main()
[rank3]:   File "/rds/user/zf281/hpc-work/Files/btfm4rs/src/train_multi_xpu.py", line 138, in main
[rank3]:     with open(args_cli.config, "r") as f:
[rank3]: FileNotFoundError: [Errno 2] No such file or directory: 'configs/ssl_config.py'
[rank5]: Traceback (most recent call last):
[rank5]:   File "/rds/user/zf281/hpc-work/Files/btfm4rs/src/train_multi_xpu.py", line 486, in <module>
[rank5]:     main()
[rank5]:   File "/rds/user/zf281/hpc-work/Files/btfm4rs/src/train_multi_xpu.py", line 138, in main
[rank5]:     with open(args_cli.config, "r") as f:
[rank5]: FileNotFoundError: [Errno 2] No such file or directory: 'configs/ssl_config.py'
[rank0]: Traceback (most recent call last):
[rank0]:   File "/rds/user/zf281/hpc-work/Files/btfm4rs/src/train_multi_xpu.py", line 486, in <module>
[rank0]:     main()
[rank0]:   File "/rds/user/zf281/hpc-work/Files/btfm4rs/src/train_multi_xpu.py", line 138, in main
[rank0]:     with open(args_cli.config, "r") as f:
[rank0]: FileNotFoundError: [Errno 2] No such file or directory: 'configs/ssl_config.py'
[W224 22:50:32.289269357 OperatorEntry.cpp:155] Warning: Warning only once for all operators,  other operators may also be overridden.
  Overriding a previously registered kernel for the same operator and the same dispatch key
  operator: aten::_cummax_helper(Tensor self, Tensor(a!) values, Tensor(b!) indices, int dim) -> ()
    registered at /build/pytorch/build/aten/src/ATen/RegisterSchema.cpp:6
  dispatch key: XPU
  previous kernel: registered at /build/pytorch/build/aten/src/ATen/RegisterCPU.cpp:30476
       new kernel: registered at /build/intel-pytorch-extension/build/Release/csrc/gpu/csrc/aten/generated/ATen/RegisterXPU.cpp:2971 (function operator())
[W224 22:50:32.661987197 OperatorEntry.cpp:155] Warning: Warning only once for all operators,  other operators may also be overridden.
  Overriding a previously registered kernel for the same operator and the same dispatch key
  operator: aten::_cummax_helper(Tensor self, Tensor(a!) values, Tensor(b!) indices, int dim) -> ()
    registered at /build/pytorch/build/aten/src/ATen/RegisterSchema.cpp:6
  dispatch key: XPU
  previous kernel: registered at /build/pytorch/build/aten/src/ATen/RegisterCPU.cpp:30476
       new kernel: registered at /build/intel-pytorch-extension/build/Release/csrc/gpu/csrc/aten/generated/ATen/RegisterXPU.cpp:2971 (function operator())
[W224 22:50:32.662436445 OperatorEntry.cpp:155] Warning: Warning only once for all operators,  other operators may also be overridden.
  Overriding a previously registered kernel for the same operator and the same dispatch key
  operator: aten::_cummax_helper(Tensor self, Tensor(a!) values, Tensor(b!) indices, int dim) -> ()
    registered at /build/pytorch/build/aten/src/ATen/RegisterSchema.cpp:6
  dispatch key: XPU
  previous kernel: registered at /build/pytorch/build/aten/src/ATen/RegisterCPU.cpp:30476
       new kernel: registered at /build/intel-pytorch-extension/build/Release/csrc/gpu/csrc/aten/generated/ATen/RegisterXPU.cpp:2971 (function operator())
[W224 22:50:32.668111203 OperatorEntry.cpp:155] Warning: Warning only once for all operators,  other operators may also be overridden.
  Overriding a previously registered kernel for the same operator and the same dispatch key
  operator: aten::_cummax_helper(Tensor self, Tensor(a!) values, Tensor(b!) indices, int dim) -> ()
    registered at /build/pytorch/build/aten/src/ATen/RegisterSchema.cpp:6
  dispatch key: XPU
  previous kernel: registered at /build/pytorch/build/aten/src/ATen/RegisterCPU.cpp:30476
       new kernel: registered at /build/intel-pytorch-extension/build/Release/csrc/gpu/csrc/aten/generated/ATen/RegisterXPU.cpp:2971 (function operator())
[W224 22:50:32.735624629 OperatorEntry.cpp:155] Warning: Warning only once for all operators,  other operators may also be overridden.
  Overriding a previously registered kernel for the same operator and the same dispatch key
  operator: aten::_cummax_helper(Tensor self, Tensor(a!) values, Tensor(b!) indices, int dim) -> ()
    registered at /build/pytorch/build/aten/src/ATen/RegisterSchema.cpp:6
  dispatch key: XPU
  previous kernel: registered at /build/pytorch/build/aten/src/ATen/RegisterCPU.cpp:30476
       new kernel: registered at /build/intel-pytorch-extension/build/Release/csrc/gpu/csrc/aten/generated/ATen/RegisterXPU.cpp:2971 (function operator())
[W224 22:50:33.833230775 OperatorEntry.cpp:155] Warning: Warning only once for all operators,  other operators may also be overridden.
  Overriding a previously registered kernel for the same operator and the same dispatch key
  operator: aten::_cummax_helper(Tensor self, Tensor(a!) values, Tensor(b!) indices, int dim) -> ()
    registered at /build/pytorch/build/aten/src/ATen/RegisterSchema.cpp:6
  dispatch key: XPU
  previous kernel: registered at /build/pytorch/build/aten/src/ATen/RegisterCPU.cpp:30476
       new kernel: registered at /build/intel-pytorch-extension/build/Release/csrc/gpu/csrc/aten/generated/ATen/RegisterXPU.cpp:2971 (function operator())
[W224 22:50:33.938294098 OperatorEntry.cpp:155] Warning: Warning only once for all operators,  other operators may also be overridden.
  Overriding a previously registered kernel for the same operator and the same dispatch key
  operator: aten::_cummax_helper(Tensor self, Tensor(a!) values, Tensor(b!) indices, int dim) -> ()
    registered at /build/pytorch/build/aten/src/ATen/RegisterSchema.cpp:6
  dispatch key: XPU
  previous kernel: registered at /build/pytorch/build/aten/src/ATen/RegisterCPU.cpp:30476
       new kernel: registered at /build/intel-pytorch-extension/build/Release/csrc/gpu/csrc/aten/generated/ATen/RegisterXPU.cpp:2971 (function operator())
[W224 22:50:33.977258308 OperatorEntry.cpp:155] Warning: Warning only once for all operators,  other operators may also be overridden.
  Overriding a previously registered kernel for the same operator and the same dispatch key
  operator: aten::_cummax_helper(Tensor self, Tensor(a!) values, Tensor(b!) indices, int dim) -> ()
    registered at /build/pytorch/build/aten/src/ATen/RegisterSchema.cpp:6
  dispatch key: XPU
  previous kernel: registered at /build/pytorch/build/aten/src/ATen/RegisterCPU.cpp:30476
       new kernel: registered at /build/intel-pytorch-extension/build/Release/csrc/gpu/csrc/aten/generated/ATen/RegisterXPU.cpp:2971 (function operator())
[rank5]: Traceback (most recent call last):
[rank5]:   File "/rds/user/zf281/hpc-work/Files/btfm4rs/src/train_multi_xpu.py", line 486, in <module>
[rank5]:     main()
[rank5]:   File "/rds/user/zf281/hpc-work/Files/btfm4rs/src/train_multi_xpu.py", line 138, in main
[rank5]:     with open(args_cli.config, "r") as f:
[rank5]: FileNotFoundError: [Errno 2] No such file or directory: 'configs/ssl_config.py'
[rank1]: Traceback (most recent call last):
[rank1]:   File "/rds/user/zf281/hpc-work/Files/btfm4rs/src/train_multi_xpu.py", line 486, in <module>
[rank1]:     main()
[rank1]:   File "/rds/user/zf281/hpc-work/Files/btfm4rs/src/train_multi_xpu.py", line 138, in main
[rank1]:     with open(args_cli.config, "r") as f:
[rank1]: FileNotFoundError: [Errno 2] No such file or directory: 'configs/ssl_config.py'
[rank2]: Traceback (most recent call last):
[rank2]:   File "/rds/user/zf281/hpc-work/Files/btfm4rs/src/train_multi_xpu.py", line 486, in <module>
[rank2]:     main()
[rank2]:   File "/rds/user/zf281/hpc-work/Files/btfm4rs/src/train_multi_xpu.py", line 138, in main
[rank2]:     with open(args_cli.config, "r") as f:
[rank2]: FileNotFoundError: [Errno 2] No such file or directory: 'configs/ssl_config.py'
[rank4]: Traceback (most recent call last):
[rank4]:   File "/rds/user/zf281/hpc-work/Files/btfm4rs/src/train_multi_xpu.py", line 486, in <module>
[rank4]:     main()
[rank4]:   File "/rds/user/zf281/hpc-work/Files/btfm4rs/src/train_multi_xpu.py", line 138, in main
[rank4]:     with open(args_cli.config, "r") as f:
[rank4]: FileNotFoundError: [Errno 2] No such file or directory: 'configs/ssl_config.py'
[rank7]: Traceback (most recent call last):
[rank7]:   File "/rds/user/zf281/hpc-work/Files/btfm4rs/src/train_multi_xpu.py", line 486, in <module>
[rank7]:     main()
[rank7]:   File "/rds/user/zf281/hpc-work/Files/btfm4rs/src/train_multi_xpu.py", line 138, in main
[rank7]:     with open(args_cli.config, "r") as f:
[rank7]: FileNotFoundError: [Errno 2] No such file or directory: 'configs/ssl_config.py'
[rank3]: Traceback (most recent call last):
[rank3]:   File "/rds/user/zf281/hpc-work/Files/btfm4rs/src/train_multi_xpu.py", line 486, in <module>
[rank3]:     main()
[rank3]:   File "/rds/user/zf281/hpc-work/Files/btfm4rs/src/train_multi_xpu.py", line 138, in main
[rank3]:     with open(args_cli.config, "r") as f:
[rank3]: FileNotFoundError: [Errno 2] No such file or directory: 'configs/ssl_config.py'
[rank6]: Traceback (most recent call last):
[rank6]:   File "/rds/user/zf281/hpc-work/Files/btfm4rs/src/train_multi_xpu.py", line 486, in <module>
[rank6]:     main()
[rank6]:   File "/rds/user/zf281/hpc-work/Files/btfm4rs/src/train_multi_xpu.py", line 138, in main
[rank6]:     with open(args_cli.config, "r") as f:
[rank6]: FileNotFoundError: [Errno 2] No such file or directory: 'configs/ssl_config.py'
[rank0]: Traceback (most recent call last):
[rank0]:   File "/rds/user/zf281/hpc-work/Files/btfm4rs/src/train_multi_xpu.py", line 486, in <module>
[rank0]:     main()
[rank0]:   File "/rds/user/zf281/hpc-work/Files/btfm4rs/src/train_multi_xpu.py", line 138, in main
[rank0]:     with open(args_cli.config, "r") as f:
[rank0]: FileNotFoundError: [Errno 2] No such file or directory: 'configs/ssl_config.py'
[W224 22:50:45.985447581 OperatorEntry.cpp:155] Warning: Warning only once for all operators,  other operators may also be overridden.
  Overriding a previously registered kernel for the same operator and the same dispatch key
  operator: aten::_cummax_helper(Tensor self, Tensor(a!) values, Tensor(b!) indices, int dim) -> ()
    registered at /build/pytorch/build/aten/src/ATen/RegisterSchema.cpp:6
  dispatch key: XPU
  previous kernel: registered at /build/pytorch/build/aten/src/ATen/RegisterCPU.cpp:30476
       new kernel: registered at /build/intel-pytorch-extension/build/Release/csrc/gpu/csrc/aten/generated/ATen/RegisterXPU.cpp:2971 (function operator())
[W224 22:50:45.985441566 OperatorEntry.cpp:155] Warning: Warning only once for all operators,  other operators may also be overridden.
  Overriding a previously registered kernel for the same operator and the same dispatch key
  operator: aten::_cummax_helper(Tensor self, Tensor(a!) values, Tensor(b!) indices, int dim) -> ()
    registered at /build/pytorch/build/aten/src/ATen/RegisterSchema.cpp:6
  dispatch key: XPU
  previous kernel: registered at /build/pytorch/build/aten/src/ATen/RegisterCPU.cpp:30476
       new kernel: registered at /build/intel-pytorch-extension/build/Release/csrc/gpu/csrc/aten/generated/ATen/RegisterXPU.cpp:2971 (function operator())
[W224 22:50:45.988765516 OperatorEntry.cpp:155] Warning: Warning only once for all operators,  other operators may also be overridden.
  Overriding a previously registered kernel for the same operator and the same dispatch key
  operator: aten::_cummax_helper(Tensor self, Tensor(a!) values, Tensor(b!) indices, int dim) -> ()
    registered at /build/pytorch/build/aten/src/ATen/RegisterSchema.cpp:6
  dispatch key: XPU
  previous kernel: registered at /build/pytorch/build/aten/src/ATen/RegisterCPU.cpp:30476
       new kernel: registered at /build/intel-pytorch-extension/build/Release/csrc/gpu/csrc/aten/generated/ATen/RegisterXPU.cpp:2971 (function operator())
[W224 22:50:45.988769685 OperatorEntry.cpp:155] Warning: Warning only once for all operators,  other operators may also be overridden.
  Overriding a previously registered kernel for the same operator and the same dispatch key
  operator: aten::_cummax_helper(Tensor self, Tensor(a!) values, Tensor(b!) indices, int dim) -> ()
    registered at /build/pytorch/build/aten/src/ATen/RegisterSchema.cpp:6
  dispatch key: XPU
  previous kernel: registered at /build/pytorch/build/aten/src/ATen/RegisterCPU.cpp:30476
       new kernel: registered at /build/intel-pytorch-extension/build/Release/csrc/gpu/csrc/aten/generated/ATen/RegisterXPU.cpp:2971 (function operator())
[W224 22:50:45.080493466 OperatorEntry.cpp:155] Warning: Warning only once for all operators,  other operators may also be overridden.
  Overriding a previously registered kernel for the same operator and the same dispatch key
  operator: aten::_cummax_helper(Tensor self, Tensor(a!) values, Tensor(b!) indices, int dim) -> ()
    registered at /build/pytorch/build/aten/src/ATen/RegisterSchema.cpp:6
  dispatch key: XPU
  previous kernel: registered at /build/pytorch/build/aten/src/ATen/RegisterCPU.cpp:30476
       new kernel: registered at /build/intel-pytorch-extension/build/Release/csrc/gpu/csrc/aten/generated/ATen/RegisterXPU.cpp:2971 (function operator())
[W224 22:50:45.080700026 OperatorEntry.cpp:155] Warning: Warning only once for all operators,  other operators may also be overridden.
  Overriding a previously registered kernel for the same operator and the same dispatch key
  operator: aten::_cummax_helper(Tensor self, Tensor(a!) values, Tensor(b!) indices, int dim) -> ()
    registered at /build/pytorch/build/aten/src/ATen/RegisterSchema.cpp:6
  dispatch key: XPU
  previous kernel: registered at /build/pytorch/build/aten/src/ATen/RegisterCPU.cpp:30476
       new kernel: registered at /build/intel-pytorch-extension/build/Release/csrc/gpu/csrc/aten/generated/ATen/RegisterXPU.cpp:2971 (function operator())
[W224 22:50:45.086335211 OperatorEntry.cpp:155] Warning: Warning only once for all operators,  other operators may also be overridden.
  Overriding a previously registered kernel for the same operator and the same dispatch key
  operator: aten::_cummax_helper(Tensor self, Tensor(a!) values, Tensor(b!) indices, int dim) -> ()
    registered at /build/pytorch/build/aten/src/ATen/RegisterSchema.cpp:6
  dispatch key: XPU
  previous kernel: registered at /build/pytorch/build/aten/src/ATen/RegisterCPU.cpp:30476
       new kernel: registered at /build/intel-pytorch-extension/build/Release/csrc/gpu/csrc/aten/generated/ATen/RegisterXPU.cpp:2971 (function operator())
[W224 22:50:45.463798503 OperatorEntry.cpp:155] Warning: Warning only once for all operators,  other operators may also be overridden.
  Overriding a previously registered kernel for the same operator and the same dispatch key
  operator: aten::_cummax_helper(Tensor self, Tensor(a!) values, Tensor(b!) indices, int dim) -> ()
    registered at /build/pytorch/build/aten/src/ATen/RegisterSchema.cpp:6
  dispatch key: XPU
  previous kernel: registered at /build/pytorch/build/aten/src/ATen/RegisterCPU.cpp:30476
       new kernel: registered at /build/intel-pytorch-extension/build/Release/csrc/gpu/csrc/aten/generated/ATen/RegisterXPU.cpp:2971 (function operator())
[rank4]: Traceback (most recent call last):
[rank4]:   File "/rds/user/zf281/hpc-work/Files/btfm4rs/src/train_multi_xpu.py", line 486, in <module>
[rank4]:     main()
[rank4]:   File "/rds/user/zf281/hpc-work/Files/btfm4rs/src/train_multi_xpu.py", line 138, in main
[rank4]:     with open(args_cli.config, "r") as f:
[rank4]: FileNotFoundError: [Errno 2] No such file or directory: 'configs/ssl_config.py'
[rank1]: Traceback (most recent call last):
[rank1]:   File "/rds/user/zf281/hpc-work/Files/btfm4rs/src/train_multi_xpu.py", line 486, in <module>
[rank1]:     main()
[rank1]:   File "/rds/user/zf281/hpc-work/Files/btfm4rs/src/train_multi_xpu.py", line 138, in main
[rank1]:     with open(args_cli.config, "r") as f:
[rank1]: FileNotFoundError: [Errno 2] No such file or directory: 'configs/ssl_config.py'
[rank6]: Traceback (most recent call last):
[rank6]:   File "/rds/user/zf281/hpc-work/Files/btfm4rs/src/train_multi_xpu.py", line 486, in <module>
[rank6]:     main()
[rank6]:   File "/rds/user/zf281/hpc-work/Files/btfm4rs/src/train_multi_xpu.py", line 138, in main
[rank6]:     with open(args_cli.config, "r") as f:
[rank6]: FileNotFoundError: [Errno 2] No such file or directory: 'configs/ssl_config.py'
[rank7]: Traceback (most recent call last):
[rank7]:   File "/rds/user/zf281/hpc-work/Files/btfm4rs/src/train_multi_xpu.py", line 486, in <module>
[rank7]:     main()
[rank7]:   File "/rds/user/zf281/hpc-work/Files/btfm4rs/src/train_multi_xpu.py", line 138, in main
[rank7]:     with open(args_cli.config, "r") as f:
[rank7]: FileNotFoundError: [Errno 2] No such file or directory: 'configs/ssl_config.py'
[rank3]: Traceback (most recent call last):
[rank3]:   File "/rds/user/zf281/hpc-work/Files/btfm4rs/src/train_multi_xpu.py", line 486, in <module>
[rank3]:     main()
[rank3]:   File "/rds/user/zf281/hpc-work/Files/btfm4rs/src/train_multi_xpu.py", line 138, in main
[rank3]:     with open(args_cli.config, "r") as f:
[rank3]: FileNotFoundError: [Errno 2] No such file or directory: 'configs/ssl_config.py'
[rank5]: Traceback (most recent call last):
[rank5]:   File "/rds/user/zf281/hpc-work/Files/btfm4rs/src/train_multi_xpu.py", line 486, in <module>
[rank5]:     main()
[rank5]:   File "/rds/user/zf281/hpc-work/Files/btfm4rs/src/train_multi_xpu.py", line 138, in main
[rank5]:     with open(args_cli.config, "r") as f:
[rank5]: FileNotFoundError: [Errno 2] No such file or directory: 'configs/ssl_config.py'
[rank2]: Traceback (most recent call last):
[rank2]:   File "/rds/user/zf281/hpc-work/Files/btfm4rs/src/train_multi_xpu.py", line 486, in <module>
[rank2]:     main()
[rank2]:   File "/rds/user/zf281/hpc-work/Files/btfm4rs/src/train_multi_xpu.py", line 138, in main
[rank2]:     with open(args_cli.config, "r") as f:
[rank2]: FileNotFoundError: [Errno 2] No such file or directory: 'configs/ssl_config.py'
[rank0]: Traceback (most recent call last):
[rank0]:   File "/rds/user/zf281/hpc-work/Files/btfm4rs/src/train_multi_xpu.py", line 486, in <module>
[rank0]:     main()
[rank0]:   File "/rds/user/zf281/hpc-work/Files/btfm4rs/src/train_multi_xpu.py", line 138, in main
[rank0]:     with open(args_cli.config, "r") as f:
[rank0]: FileNotFoundError: [Errno 2] No such file or directory: 'configs/ssl_config.py'
[W224 22:50:57.946580163 OperatorEntry.cpp:155] Warning: Warning only once for all operators,  other operators may also be overridden.
  Overriding a previously registered kernel for the same operator and the same dispatch key
  operator: aten::_cummax_helper(Tensor self, Tensor(a!) values, Tensor(b!) indices, int dim) -> ()
    registered at /build/pytorch/build/aten/src/ATen/RegisterSchema.cpp:6
  dispatch key: XPU
  previous kernel: registered at /build/pytorch/build/aten/src/ATen/RegisterCPU.cpp:30476
       new kernel: registered at /build/intel-pytorch-extension/build/Release/csrc/gpu/csrc/aten/generated/ATen/RegisterXPU.cpp:2971 (function operator())
[W224 22:50:57.129312748 OperatorEntry.cpp:155] Warning: Warning only once for all operators,  other operators may also be overridden.
  Overriding a previously registered kernel for the same operator and the same dispatch key
  operator: aten::_cummax_helper(Tensor self, Tensor(a!) values, Tensor(b!) indices, int dim) -> ()
    registered at /build/pytorch/build/aten/src/ATen/RegisterSchema.cpp:6
  dispatch key: XPU
  previous kernel: registered at /build/pytorch/build/aten/src/ATen/RegisterCPU.cpp:30476
       new kernel: registered at /build/intel-pytorch-extension/build/Release/csrc/gpu/csrc/aten/generated/ATen/RegisterXPU.cpp:2971 (function operator())
[W224 22:50:57.240846449 OperatorEntry.cpp:155] Warning: Warning only once for all operators,  other operators may also be overridden.
  Overriding a previously registered kernel for the same operator and the same dispatch key
  operator: aten::_cummax_helper(Tensor self, Tensor(a!) values, Tensor(b!) indices, int dim) -> ()
    registered at /build/pytorch/build/aten/src/ATen/RegisterSchema.cpp:6
  dispatch key: XPU
  previous kernel: registered at /build/pytorch/build/aten/src/ATen/RegisterCPU.cpp:30476
       new kernel: registered at /build/intel-pytorch-extension/build/Release/csrc/gpu/csrc/aten/generated/ATen/RegisterXPU.cpp:2971 (function operator())
[W224 22:50:57.241595987 OperatorEntry.cpp:155] Warning: Warning only once for all operators,  other operators may also be overridden.
  Overriding a previously registered kernel for the same operator and the same dispatch key
  operator: aten::_cummax_helper(Tensor self, Tensor(a!) values, Tensor(b!) indices, int dim) -> ()
    registered at /build/pytorch/build/aten/src/ATen/RegisterSchema.cpp:6
  dispatch key: XPU
  previous kernel: registered at /build/pytorch/build/aten/src/ATen/RegisterCPU.cpp:30476
       new kernel: registered at /build/intel-pytorch-extension/build/Release/csrc/gpu/csrc/aten/generated/ATen/RegisterXPU.cpp:2971 (function operator())
[W224 22:50:57.241594407 OperatorEntry.cpp:155] Warning: Warning only once for all operators,  other operators may also be overridden.
  Overriding a previously registered kernel for the same operator and the same dispatch key
  operator: aten::_cummax_helper(Tensor self, Tensor(a!) values, Tensor(b!) indices, int dim) -> ()
    registered at /build/pytorch/build/aten/src/ATen/RegisterSchema.cpp:6
  dispatch key: XPU
  previous kernel: registered at /build/pytorch/build/aten/src/ATen/RegisterCPU.cpp:30476
       new kernel: registered at /build/intel-pytorch-extension/build/Release/csrc/gpu/csrc/aten/generated/ATen/RegisterXPU.cpp:2971 (function operator())
[W224 22:50:57.325101898 OperatorEntry.cpp:155] Warning: Warning only once for all operators,  other operators may also be overridden.
  Overriding a previously registered kernel for the same operator and the same dispatch key
  operator: aten::_cummax_helper(Tensor self, Tensor(a!) values, Tensor(b!) indices, int dim) -> ()
    registered at /build/pytorch/build/aten/src/ATen/RegisterSchema.cpp:6
  dispatch key: XPU
  previous kernel: registered at /build/pytorch/build/aten/src/ATen/RegisterCPU.cpp:30476
       new kernel: registered at /build/intel-pytorch-extension/build/Release/csrc/gpu/csrc/aten/generated/ATen/RegisterXPU.cpp:2971 (function operator())
[W224 22:50:57.522141396 OperatorEntry.cpp:155] Warning: Warning only once for all operators,  other operators may also be overridden.
  Overriding a previously registered kernel for the same operator and the same dispatch key
  operator: aten::_cummax_helper(Tensor self, Tensor(a!) values, Tensor(b!) indices, int dim) -> ()
    registered at /build/pytorch/build/aten/src/ATen/RegisterSchema.cpp:6
  dispatch key: XPU
  previous kernel: registered at /build/pytorch/build/aten/src/ATen/RegisterCPU.cpp:30476
       new kernel: registered at /build/intel-pytorch-extension/build/Release/csrc/gpu/csrc/aten/generated/ATen/RegisterXPU.cpp:2971 (function operator())
[W224 22:50:57.555691412 OperatorEntry.cpp:155] Warning: Warning only once for all operators,  other operators may also be overridden.
  Overriding a previously registered kernel for the same operator and the same dispatch key
  operator: aten::_cummax_helper(Tensor self, Tensor(a!) values, Tensor(b!) indices, int dim) -> ()
    registered at /build/pytorch/build/aten/src/ATen/RegisterSchema.cpp:6
  dispatch key: XPU
  previous kernel: registered at /build/pytorch/build/aten/src/ATen/RegisterCPU.cpp:30476
       new kernel: registered at /build/intel-pytorch-extension/build/Release/csrc/gpu/csrc/aten/generated/ATen/RegisterXPU.cpp:2971 (function operator())
[rank4]: Traceback (most recent call last):
[rank4]:   File "/rds/user/zf281/hpc-work/Files/btfm4rs/src/train_multi_xpu.py", line 486, in <module>
[rank4]:     main()
[rank4]:   File "/rds/user/zf281/hpc-work/Files/btfm4rs/src/train_multi_xpu.py", line 138, in main
[rank4]:     with open(args_cli.config, "r") as f:
[rank4]: FileNotFoundError: [Errno 2] No such file or directory: 'configs/ssl_config.py'
[rank1]: Traceback (most recent call last):
[rank1]:   File "/rds/user/zf281/hpc-work/Files/btfm4rs/src/train_multi_xpu.py", line 486, in <module>
[rank1]:     main()
[rank1]:   File "/rds/user/zf281/hpc-work/Files/btfm4rs/src/train_multi_xpu.py", line 138, in main
[rank1]:     with open(args_cli.config, "r") as f:
[rank1]: FileNotFoundError: [Errno 2] No such file or directory: 'configs/ssl_config.py'
[rank5]: Traceback (most recent call last):
[rank5]:   File "/rds/user/zf281/hpc-work/Files/btfm4rs/src/train_multi_xpu.py", line 486, in <module>
[rank5]:     main()
[rank5]:   File "/rds/user/zf281/hpc-work/Files/btfm4rs/src/train_multi_xpu.py", line 138, in main
[rank5]:     with open(args_cli.config, "r") as f:
[rank5]: FileNotFoundError: [Errno 2] No such file or directory: 'configs/ssl_config.py'
[rank6]: Traceback (most recent call last):
[rank6]:   File "/rds/user/zf281/hpc-work/Files/btfm4rs/src/train_multi_xpu.py", line 486, in <module>
[rank6]:     main()
[rank6]:   File "/rds/user/zf281/hpc-work/Files/btfm4rs/src/train_multi_xpu.py", line 138, in main
[rank6]:     with open(args_cli.config, "r") as f:
[rank6]: FileNotFoundError: [Errno 2] No such file or directory: 'configs/ssl_config.py'
[rank7]: Traceback (most recent call last):
[rank7]:   File "/rds/user/zf281/hpc-work/Files/btfm4rs/src/train_multi_xpu.py", line 486, in <module>
[rank7]:     main()
[rank7]:   File "/rds/user/zf281/hpc-work/Files/btfm4rs/src/train_multi_xpu.py", line 138, in main
[rank7]:     with open(args_cli.config, "r") as f:
[rank7]: FileNotFoundError: [Errno 2] No such file or directory: 'configs/ssl_config.py'
[rank3]: Traceback (most recent call last):
[rank3]:   File "/rds/user/zf281/hpc-work/Files/btfm4rs/src/train_multi_xpu.py", line 486, in <module>
[rank3]:     main()
[rank3]:   File "/rds/user/zf281/hpc-work/Files/btfm4rs/src/train_multi_xpu.py", line 138, in main
[rank3]:     with open(args_cli.config, "r") as f:
[rank3]: FileNotFoundError: [Errno 2] No such file or directory: 'configs/ssl_config.py'
[rank2]: Traceback (most recent call last):
[rank2]:   File "/rds/user/zf281/hpc-work/Files/btfm4rs/src/train_multi_xpu.py", line 486, in <module>
[rank2]:     main()
[rank2]:   File "/rds/user/zf281/hpc-work/Files/btfm4rs/src/train_multi_xpu.py", line 138, in main
[rank2]:     with open(args_cli.config, "r") as f:
[rank2]: FileNotFoundError: [Errno 2] No such file or directory: 'configs/ssl_config.py'
[rank0]: Traceback (most recent call last):
[rank0]:   File "/rds/user/zf281/hpc-work/Files/btfm4rs/src/train_multi_xpu.py", line 486, in <module>
[rank0]:     main()
[rank0]:   File "/rds/user/zf281/hpc-work/Files/btfm4rs/src/train_multi_xpu.py", line 138, in main
[rank0]:     with open(args_cli.config, "r") as f:
[rank0]: FileNotFoundError: [Errno 2] No such file or directory: 'configs/ssl_config.py'
[W224 22:51:09.100118493 OperatorEntry.cpp:155] Warning: Warning only once for all operators,  other operators may also be overridden.
  Overriding a previously registered kernel for the same operator and the same dispatch key
  operator: aten::_cummax_helper(Tensor self, Tensor(a!) values, Tensor(b!) indices, int dim) -> ()
    registered at /build/pytorch/build/aten/src/ATen/RegisterSchema.cpp:6
  dispatch key: XPU
  previous kernel: registered at /build/pytorch/build/aten/src/ATen/RegisterCPU.cpp:30476
       new kernel: registered at /build/intel-pytorch-extension/build/Release/csrc/gpu/csrc/aten/generated/ATen/RegisterXPU.cpp:2971 (function operator())
[W224 22:51:09.100126315 OperatorEntry.cpp:155] Warning: Warning only once for all operators,  other operators may also be overridden.
  Overriding a previously registered kernel for the same operator and the same dispatch key
  operator: aten::_cummax_helper(Tensor self, Tensor(a!) values, Tensor(b!) indices, int dim) -> ()
    registered at /build/pytorch/build/aten/src/ATen/RegisterSchema.cpp:6
  dispatch key: XPU
  previous kernel: registered at /build/pytorch/build/aten/src/ATen/RegisterCPU.cpp:30476
       new kernel: registered at /build/intel-pytorch-extension/build/Release/csrc/gpu/csrc/aten/generated/ATen/RegisterXPU.cpp:2971 (function operator())
[W224 22:51:09.267755613 OperatorEntry.cpp:155] Warning: Warning only once for all operators,  other operators may also be overridden.
  Overriding a previously registered kernel for the same operator and the same dispatch key
  operator: aten::_cummax_helper(Tensor self, Tensor(a!) values, Tensor(b!) indices, int dim) -> ()
    registered at /build/pytorch/build/aten/src/ATen/RegisterSchema.cpp:6
  dispatch key: XPU
  previous kernel: registered at /build/pytorch/build/aten/src/ATen/RegisterCPU.cpp:30476
       new kernel: registered at /build/intel-pytorch-extension/build/Release/csrc/gpu/csrc/aten/generated/ATen/RegisterXPU.cpp:2971 (function operator())
[W224 22:51:09.267744889 OperatorEntry.cpp:155] Warning: Warning only once for all operators,  other operators may also be overridden.
  Overriding a previously registered kernel for the same operator and the same dispatch key
  operator: aten::_cummax_helper(Tensor self, Tensor(a!) values, Tensor(b!) indices, int dim) -> ()
    registered at /build/pytorch/build/aten/src/ATen/RegisterSchema.cpp:6
  dispatch key: XPU
  previous kernel: registered at /build/pytorch/build/aten/src/ATen/RegisterCPU.cpp:30476
       new kernel: registered at /build/intel-pytorch-extension/build/Release/csrc/gpu/csrc/aten/generated/ATen/RegisterXPU.cpp:2971 (function operator())
[W224 22:51:09.452590822 OperatorEntry.cpp:155] Warning: Warning only once for all operators,  other operators may also be overridden.
  Overriding a previously registered kernel for the same operator and the same dispatch key
  operator: aten::_cummax_helper(Tensor self, Tensor(a!) values, Tensor(b!) indices, int dim) -> ()
    registered at /build/pytorch/build/aten/src/ATen/RegisterSchema.cpp:6
  dispatch key: XPU
  previous kernel: registered at /build/pytorch/build/aten/src/ATen/RegisterCPU.cpp:30476
       new kernel: registered at /build/intel-pytorch-extension/build/Release/csrc/gpu/csrc/aten/generated/ATen/RegisterXPU.cpp:2971 (function operator())
[W224 22:51:09.670236008 OperatorEntry.cpp:155] Warning: Warning only once for all operators,  other operators may also be overridden.
  Overriding a previously registered kernel for the same operator and the same dispatch key
  operator: aten::_cummax_helper(Tensor self, Tensor(a!) values, Tensor(b!) indices, int dim) -> ()
    registered at /build/pytorch/build/aten/src/ATen/RegisterSchema.cpp:6
  dispatch key: XPU
  previous kernel: registered at /build/pytorch/build/aten/src/ATen/RegisterCPU.cpp:30476
       new kernel: registered at /build/intel-pytorch-extension/build/Release/csrc/gpu/csrc/aten/generated/ATen/RegisterXPU.cpp:2971 (function operator())
[W224 22:51:09.709748457 OperatorEntry.cpp:155] Warning: Warning only once for all operators,  other operators may also be overridden.
  Overriding a previously registered kernel for the same operator and the same dispatch key
  operator: aten::_cummax_helper(Tensor self, Tensor(a!) values, Tensor(b!) indices, int dim) -> ()
    registered at /build/pytorch/build/aten/src/ATen/RegisterSchema.cpp:6
  dispatch key: XPU
  previous kernel: registered at /build/pytorch/build/aten/src/ATen/RegisterCPU.cpp:30476
       new kernel: registered at /build/intel-pytorch-extension/build/Release/csrc/gpu/csrc/aten/generated/ATen/RegisterXPU.cpp:2971 (function operator())
[W224 22:51:09.726873483 OperatorEntry.cpp:155] Warning: Warning only once for all operators,  other operators may also be overridden.
  Overriding a previously registered kernel for the same operator and the same dispatch key
  operator: aten::_cummax_helper(Tensor self, Tensor(a!) values, Tensor(b!) indices, int dim) -> ()
    registered at /build/pytorch/build/aten/src/ATen/RegisterSchema.cpp:6
  dispatch key: XPU
  previous kernel: registered at /build/pytorch/build/aten/src/ATen/RegisterCPU.cpp:30476
       new kernel: registered at /build/intel-pytorch-extension/build/Release/csrc/gpu/csrc/aten/generated/ATen/RegisterXPU.cpp:2971 (function operator())
[rank4]: Traceback (most recent call last):
[rank4]:   File "/rds/user/zf281/hpc-work/Files/btfm4rs/src/train_multi_xpu.py", line 486, in <module>
[rank4]:     main()
[rank4]:   File "/rds/user/zf281/hpc-work/Files/btfm4rs/src/train_multi_xpu.py", line 138, in main
[rank4]:     with open(args_cli.config, "r") as f:
[rank4]: FileNotFoundError: [Errno 2] No such file or directory: 'configs/ssl_config.py'
[rank6]: Traceback (most recent call last):
[rank6]:   File "/rds/user/zf281/hpc-work/Files/btfm4rs/src/train_multi_xpu.py", line 486, in <module>
[rank6]:     main()
[rank6]:   File "/rds/user/zf281/hpc-work/Files/btfm4rs/src/train_multi_xpu.py", line 138, in main
[rank6]:     with open(args_cli.config, "r") as f:
[rank6]: FileNotFoundError: [Errno 2] No such file or directory: 'configs/ssl_config.py'
[rank7]: Traceback (most recent call last):
[rank7]:   File "/rds/user/zf281/hpc-work/Files/btfm4rs/src/train_multi_xpu.py", line 486, in <module>
[rank7]:     main()
[rank7]:   File "/rds/user/zf281/hpc-work/Files/btfm4rs/src/train_multi_xpu.py", line 138, in main
[rank7]:     with open(args_cli.config, "r") as f:
[rank7]: FileNotFoundError: [Errno 2] No such file or directory: 'configs/ssl_config.py'
[rank3]: Traceback (most recent call last):
[rank3]:   File "/rds/user/zf281/hpc-work/Files/btfm4rs/src/train_multi_xpu.py", line 486, in <module>
[rank3]:     main()
[rank3]:   File "/rds/user/zf281/hpc-work/Files/btfm4rs/src/train_multi_xpu.py", line 138, in main
[rank3]:     with open(args_cli.config, "r") as f:
[rank3]: FileNotFoundError: [Errno 2] No such file or directory: 'configs/ssl_config.py'
[rank2]: Traceback (most recent call last):
[rank2]:   File "/rds/user/zf281/hpc-work/Files/btfm4rs/src/train_multi_xpu.py", line 486, in <module>
[rank2]:     main()
[rank2]:   File "/rds/user/zf281/hpc-work/Files/btfm4rs/src/train_multi_xpu.py", line 138, in main
[rank2]:     with open(args_cli.config, "r") as f:
[rank2]: FileNotFoundError: [Errno 2] No such file or directory: 'configs/ssl_config.py'
[rank1]: Traceback (most recent call last):
[rank1]:   File "/rds/user/zf281/hpc-work/Files/btfm4rs/src/train_multi_xpu.py", line 486, in <module>
[rank1]:     main()
[rank1]:   File "/rds/user/zf281/hpc-work/Files/btfm4rs/src/train_multi_xpu.py", line 138, in main
[rank1]:     with open(args_cli.config, "r") as f:
[rank1]: FileNotFoundError: [Errno 2] No such file or directory: 'configs/ssl_config.py'
[rank5]: Traceback (most recent call last):
[rank5]:   File "/rds/user/zf281/hpc-work/Files/btfm4rs/src/train_multi_xpu.py", line 486, in <module>
[rank5]:     main()
[rank5]:   File "/rds/user/zf281/hpc-work/Files/btfm4rs/src/train_multi_xpu.py", line 138, in main
[rank5]:     with open(args_cli.config, "r") as f:
[rank5]: FileNotFoundError: [Errno 2] No such file or directory: 'configs/ssl_config.py'
[rank0]: Traceback (most recent call last):
[rank0]:   File "/rds/user/zf281/hpc-work/Files/btfm4rs/src/train_multi_xpu.py", line 486, in <module>
[rank0]:     main()
[rank0]:   File "/rds/user/zf281/hpc-work/Files/btfm4rs/src/train_multi_xpu.py", line 138, in main
[rank0]:     with open(args_cli.config, "r") as f:
[rank0]: FileNotFoundError: [Errno 2] No such file or directory: 'configs/ssl_config.py'
[W224 22:51:21.101690355 OperatorEntry.cpp:155] Warning: Warning only once for all operators,  other operators may also be overridden.
  Overriding a previously registered kernel for the same operator and the same dispatch key
  operator: aten::_cummax_helper(Tensor self, Tensor(a!) values, Tensor(b!) indices, int dim) -> ()
    registered at /build/pytorch/build/aten/src/ATen/RegisterSchema.cpp:6
  dispatch key: XPU
  previous kernel: registered at /build/pytorch/build/aten/src/ATen/RegisterCPU.cpp:30476
       new kernel: registered at /build/intel-pytorch-extension/build/Release/csrc/gpu/csrc/aten/generated/ATen/RegisterXPU.cpp:2971 (function operator())
[W224 22:51:21.218674969 OperatorEntry.cpp:155] Warning: Warning only once for all operators,  other operators may also be overridden.
  Overriding a previously registered kernel for the same operator and the same dispatch key
  operator: aten::_cummax_helper(Tensor self, Tensor(a!) values, Tensor(b!) indices, int dim) -> ()
    registered at /build/pytorch/build/aten/src/ATen/RegisterSchema.cpp:6
  dispatch key: XPU
  previous kernel: registered at /build/pytorch/build/aten/src/ATen/RegisterCPU.cpp:30476
       new kernel: registered at /build/intel-pytorch-extension/build/Release/csrc/gpu/csrc/aten/generated/ATen/RegisterXPU.cpp:2971 (function operator())
[W224 22:51:21.374137222 OperatorEntry.cpp:155] Warning: Warning only once for all operators,  other operators may also be overridden.
  Overriding a previously registered kernel for the same operator and the same dispatch key
  operator: aten::_cummax_helper(Tensor self, Tensor(a!) values, Tensor(b!) indices, int dim) -> ()
    registered at /build/pytorch/build/aten/src/ATen/RegisterSchema.cpp:6
  dispatch key: XPU
  previous kernel: registered at /build/pytorch/build/aten/src/ATen/RegisterCPU.cpp:30476
       new kernel: registered at /build/intel-pytorch-extension/build/Release/csrc/gpu/csrc/aten/generated/ATen/RegisterXPU.cpp:2971 (function operator())
[W224 22:51:21.374848386 OperatorEntry.cpp:155] Warning: Warning only once for all operators,  other operators may also be overridden.
  Overriding a previously registered kernel for the same operator and the same dispatch key
  operator: aten::_cummax_helper(Tensor self, Tensor(a!) values, Tensor(b!) indices, int dim) -> ()
    registered at /build/pytorch/build/aten/src/ATen/RegisterSchema.cpp:6
  dispatch key: XPU
  previous kernel: registered at /build/pytorch/build/aten/src/ATen/RegisterCPU.cpp:30476
       new kernel: registered at /build/intel-pytorch-extension/build/Release/csrc/gpu/csrc/aten/generated/ATen/RegisterXPU.cpp:2971 (function operator())
[W224 22:51:21.450574183 OperatorEntry.cpp:155] Warning: Warning only once for all operators,  other operators may also be overridden.
  Overriding a previously registered kernel for the same operator and the same dispatch key
  operator: aten::_cummax_helper(Tensor self, Tensor(a!) values, Tensor(b!) indices, int dim) -> ()
    registered at /build/pytorch/build/aten/src/ATen/RegisterSchema.cpp:6
  dispatch key: XPU
  previous kernel: registered at /build/pytorch/build/aten/src/ATen/RegisterCPU.cpp:30476
       new kernel: registered at /build/intel-pytorch-extension/build/Release/csrc/gpu/csrc/aten/generated/ATen/RegisterXPU.cpp:2971 (function operator())
[W224 22:51:21.572376588 OperatorEntry.cpp:155] Warning: Warning only once for all operators,  other operators may also be overridden.
  Overriding a previously registered kernel for the same operator and the same dispatch key
  operator: aten::_cummax_helper(Tensor self, Tensor(a!) values, Tensor(b!) indices, int dim) -> ()
    registered at /build/pytorch/build/aten/src/ATen/RegisterSchema.cpp:6
  dispatch key: XPU
  previous kernel: registered at /build/pytorch/build/aten/src/ATen/RegisterCPU.cpp:30476
       new kernel: registered at /build/intel-pytorch-extension/build/Release/csrc/gpu/csrc/aten/generated/ATen/RegisterXPU.cpp:2971 (function operator())
[W224 22:51:21.572384473 OperatorEntry.cpp:155] Warning: Warning only once for all operators,  other operators may also be overridden.
  Overriding a previously registered kernel for the same operator and the same dispatch key
  operator: aten::_cummax_helper(Tensor self, Tensor(a!) values, Tensor(b!) indices, int dim) -> ()
    registered at /build/pytorch/build/aten/src/ATen/RegisterSchema.cpp:6
  dispatch key: XPU
  previous kernel: registered at /build/pytorch/build/aten/src/ATen/RegisterCPU.cpp:30476
       new kernel: registered at /build/intel-pytorch-extension/build/Release/csrc/gpu/csrc/aten/generated/ATen/RegisterXPU.cpp:2971 (function operator())
[W224 22:51:21.727495464 OperatorEntry.cpp:155] Warning: Warning only once for all operators,  other operators may also be overridden.
  Overriding a previously registered kernel for the same operator and the same dispatch key
  operator: aten::_cummax_helper(Tensor self, Tensor(a!) values, Tensor(b!) indices, int dim) -> ()
    registered at /build/pytorch/build/aten/src/ATen/RegisterSchema.cpp:6
  dispatch key: XPU
  previous kernel: registered at /build/pytorch/build/aten/src/ATen/RegisterCPU.cpp:30476
       new kernel: registered at /build/intel-pytorch-extension/build/Release/csrc/gpu/csrc/aten/generated/ATen/RegisterXPU.cpp:2971 (function operator())
[rank5]: Traceback (most recent call last):
[rank5]:   File "/rds/user/zf281/hpc-work/Files/btfm4rs/src/train_multi_xpu.py", line 486, in <module>
[rank5]:     main()
[rank5]:   File "/rds/user/zf281/hpc-work/Files/btfm4rs/src/train_multi_xpu.py", line 138, in main
[rank5]:     with open(args_cli.config, "r") as f:
[rank5]: FileNotFoundError: [Errno 2] No such file or directory: 'configs/ssl_config.py'
[rank6]: Traceback (most recent call last):
[rank6]:   File "/rds/user/zf281/hpc-work/Files/btfm4rs/src/train_multi_xpu.py", line 486, in <module>
[rank6]:     main()
[rank6]:   File "/rds/user/zf281/hpc-work/Files/btfm4rs/src/train_multi_xpu.py", line 138, in main
[rank6]:     with open(args_cli.config, "r") as f:
[rank6]: FileNotFoundError: [Errno 2] No such file or directory: 'configs/ssl_config.py'
[rank7]: Traceback (most recent call last):
[rank7]:   File "/rds/user/zf281/hpc-work/Files/btfm4rs/src/train_multi_xpu.py", line 486, in <module>
[rank7]:     main()
[rank7]:   File "/rds/user/zf281/hpc-work/Files/btfm4rs/src/train_multi_xpu.py", line 138, in main
[rank7]:     with open(args_cli.config, "r") as f:
[rank7]: FileNotFoundError: [Errno 2] No such file or directory: 'configs/ssl_config.py'
[rank1]: Traceback (most recent call last):
[rank1]:   File "/rds/user/zf281/hpc-work/Files/btfm4rs/src/train_multi_xpu.py", line 486, in <module>
[rank1]:     main()
[rank1]:   File "/rds/user/zf281/hpc-work/Files/btfm4rs/src/train_multi_xpu.py", line 138, in main
[rank1]:     with open(args_cli.config, "r") as f:
[rank1]: FileNotFoundError: [Errno 2] No such file or directory: 'configs/ssl_config.py'
[rank2]: Traceback (most recent call last):
[rank2]:   File "/rds/user/zf281/hpc-work/Files/btfm4rs/src/train_multi_xpu.py", line 486, in <module>
[rank2]:     main()
[rank2]:   File "/rds/user/zf281/hpc-work/Files/btfm4rs/src/train_multi_xpu.py", line 138, in main
[rank2]:     with open(args_cli.config, "r") as f:
[rank2]: FileNotFoundError: [Errno 2] No such file or directory: 'configs/ssl_config.py'
[rank3]: Traceback (most recent call last):
[rank3]:   File "/rds/user/zf281/hpc-work/Files/btfm4rs/src/train_multi_xpu.py", line 486, in <module>
[rank3]:     main()
[rank3]:   File "/rds/user/zf281/hpc-work/Files/btfm4rs/src/train_multi_xpu.py", line 138, in main
[rank3]:     with open(args_cli.config, "r") as f:
[rank3]: FileNotFoundError: [Errno 2] No such file or directory: 'configs/ssl_config.py'
[rank4]: Traceback (most recent call last):
[rank4]:   File "/rds/user/zf281/hpc-work/Files/btfm4rs/src/train_multi_xpu.py", line 486, in <module>
[rank4]:     main()
[rank4]:   File "/rds/user/zf281/hpc-work/Files/btfm4rs/src/train_multi_xpu.py", line 138, in main
[rank4]:     with open(args_cli.config, "r") as f:
[rank4]: FileNotFoundError: [Errno 2] No such file or directory: 'configs/ssl_config.py'
[rank0]: Traceback (most recent call last):
[rank0]:   File "/rds/user/zf281/hpc-work/Files/btfm4rs/src/train_multi_xpu.py", line 486, in <module>
[rank0]:     main()
[rank0]:   File "/rds/user/zf281/hpc-work/Files/btfm4rs/src/train_multi_xpu.py", line 138, in main
[rank0]:     with open(args_cli.config, "r") as f:
[rank0]: FileNotFoundError: [Errno 2] No such file or directory: 'configs/ssl_config.py'
[W224 22:51:32.819374485 OperatorEntry.cpp:155] Warning: Warning only once for all operators,  other operators may also be overridden.
  Overriding a previously registered kernel for the same operator and the same dispatch key
  operator: aten::_cummax_helper(Tensor self, Tensor(a!) values, Tensor(b!) indices, int dim) -> ()
    registered at /build/pytorch/build/aten/src/ATen/RegisterSchema.cpp:6
  dispatch key: XPU
  previous kernel: registered at /build/pytorch/build/aten/src/ATen/RegisterCPU.cpp:30476
       new kernel: registered at /build/intel-pytorch-extension/build/Release/csrc/gpu/csrc/aten/generated/ATen/RegisterXPU.cpp:2971 (function operator())
[W224 22:51:33.096693064 OperatorEntry.cpp:155] Warning: Warning only once for all operators,  other operators may also be overridden.
  Overriding a previously registered kernel for the same operator and the same dispatch key
  operator: aten::_cummax_helper(Tensor self, Tensor(a!) values, Tensor(b!) indices, int dim) -> ()
    registered at /build/pytorch/build/aten/src/ATen/RegisterSchema.cpp:6
  dispatch key: XPU
  previous kernel: registered at /build/pytorch/build/aten/src/ATen/RegisterCPU.cpp:30476
       new kernel: registered at /build/intel-pytorch-extension/build/Release/csrc/gpu/csrc/aten/generated/ATen/RegisterXPU.cpp:2971 (function operator())
[W224 22:51:33.096701038 OperatorEntry.cpp:155] Warning: Warning only once for all operators,  other operators may also be overridden.
  Overriding a previously registered kernel for the same operator and the same dispatch key
  operator: aten::_cummax_helper(Tensor self, Tensor(a!) values, Tensor(b!) indices, int dim) -> ()
    registered at /build/pytorch/build/aten/src/ATen/RegisterSchema.cpp:6
  dispatch key: XPU
  previous kernel: registered at /build/pytorch/build/aten/src/ATen/RegisterCPU.cpp:30476
       new kernel: registered at /build/intel-pytorch-extension/build/Release/csrc/gpu/csrc/aten/generated/ATen/RegisterXPU.cpp:2971 (function operator())
[W224 22:51:33.175560723 OperatorEntry.cpp:155] Warning: Warning only once for all operators,  other operators may also be overridden.
  Overriding a previously registered kernel for the same operator and the same dispatch key
  operator: aten::_cummax_helper(Tensor self, Tensor(a!) values, Tensor(b!) indices, int dim) -> ()
    registered at /build/pytorch/build/aten/src/ATen/RegisterSchema.cpp:6
  dispatch key: XPU
  previous kernel: registered at /build/pytorch/build/aten/src/ATen/RegisterCPU.cpp:30476
       new kernel: registered at /build/intel-pytorch-extension/build/Release/csrc/gpu/csrc/aten/generated/ATen/RegisterXPU.cpp:2971 (function operator())
[W224 22:51:33.175682662 OperatorEntry.cpp:155] Warning: Warning only once for all operators,  other operators may also be overridden.
  Overriding a previously registered kernel for the same operator and the same dispatch key
  operator: aten::_cummax_helper(Tensor self, Tensor(a!) values, Tensor(b!) indices, int dim) -> ()
    registered at /build/pytorch/build/aten/src/ATen/RegisterSchema.cpp:6
  dispatch key: XPU
  previous kernel: registered at /build/pytorch/build/aten/src/ATen/RegisterCPU.cpp:30476
       new kernel: registered at /build/intel-pytorch-extension/build/Release/csrc/gpu/csrc/aten/generated/ATen/RegisterXPU.cpp:2971 (function operator())
[W224 22:51:33.175599084 OperatorEntry.cpp:155] Warning: Warning only once for all operators,  other operators may also be overridden.
  Overriding a previously registered kernel for the same operator and the same dispatch key
  operator: aten::_cummax_helper(Tensor self, Tensor(a!) values, Tensor(b!) indices, int dim) -> ()
    registered at /build/pytorch/build/aten/src/ATen/RegisterSchema.cpp:6
  dispatch key: XPU
  previous kernel: registered at /build/pytorch/build/aten/src/ATen/RegisterCPU.cpp:30476
       new kernel: registered at /build/intel-pytorch-extension/build/Release/csrc/gpu/csrc/aten/generated/ATen/RegisterXPU.cpp:2971 (function operator())
[W224 22:51:33.281994077 OperatorEntry.cpp:155] Warning: Warning only once for all operators,  other operators may also be overridden.
  Overriding a previously registered kernel for the same operator and the same dispatch key
  operator: aten::_cummax_helper(Tensor self, Tensor(a!) values, Tensor(b!) indices, int dim) -> ()
    registered at /build/pytorch/build/aten/src/ATen/RegisterSchema.cpp:6
  dispatch key: XPU
  previous kernel: registered at /build/pytorch/build/aten/src/ATen/RegisterCPU.cpp:30476
       new kernel: registered at /build/intel-pytorch-extension/build/Release/csrc/gpu/csrc/aten/generated/ATen/RegisterXPU.cpp:2971 (function operator())
[W224 22:51:33.378603266 OperatorEntry.cpp:155] Warning: Warning only once for all operators,  other operators may also be overridden.
  Overriding a previously registered kernel for the same operator and the same dispatch key
  operator: aten::_cummax_helper(Tensor self, Tensor(a!) values, Tensor(b!) indices, int dim) -> ()
    registered at /build/pytorch/build/aten/src/ATen/RegisterSchema.cpp:6
  dispatch key: XPU
  previous kernel: registered at /build/pytorch/build/aten/src/ATen/RegisterCPU.cpp:30476
       new kernel: registered at /build/intel-pytorch-extension/build/Release/csrc/gpu/csrc/aten/generated/ATen/RegisterXPU.cpp:2971 (function operator())
[rank4]: Traceback (most recent call last):
[rank4]:   File "/rds/user/zf281/hpc-work/Files/btfm4rs/src/train_multi_xpu.py", line 486, in <module>
[rank4]:     main()
[rank4]:   File "/rds/user/zf281/hpc-work/Files/btfm4rs/src/train_multi_xpu.py", line 138, in main
[rank4]:     with open(args_cli.config, "r") as f:
[rank4]: FileNotFoundError: [Errno 2] No such file or directory: 'configs/ssl_config.py'
[rank1]: Traceback (most recent call last):
[rank1]:   File "/rds/user/zf281/hpc-work/Files/btfm4rs/src/train_multi_xpu.py", line 486, in <module>
[rank1]:     main()
[rank1]:   File "/rds/user/zf281/hpc-work/Files/btfm4rs/src/train_multi_xpu.py", line 138, in main
[rank1]:     with open(args_cli.config, "r") as f:
[rank1]: FileNotFoundError: [Errno 2] No such file or directory: 'configs/ssl_config.py'
[rank6]: Traceback (most recent call last):
[rank6]:   File "/rds/user/zf281/hpc-work/Files/btfm4rs/src/train_multi_xpu.py", line 486, in <module>
[rank6]:     main()
[rank6]:   File "/rds/user/zf281/hpc-work/Files/btfm4rs/src/train_multi_xpu.py", line 138, in main
[rank6]:     with open(args_cli.config, "r") as f:
[rank6]: FileNotFoundError: [Errno 2] No such file or directory: 'configs/ssl_config.py'
[rank3]: Traceback (most recent call last):
[rank3]:   File "/rds/user/zf281/hpc-work/Files/btfm4rs/src/train_multi_xpu.py", line 486, in <module>
[rank3]:     main()
[rank3]:   File "/rds/user/zf281/hpc-work/Files/btfm4rs/src/train_multi_xpu.py", line 138, in main
[rank3]:     with open(args_cli.config, "r") as f:
[rank3]: FileNotFoundError: [Errno 2] No such file or directory: 'configs/ssl_config.py'
[rank2]: Traceback (most recent call last):
[rank2]:   File "/rds/user/zf281/hpc-work/Files/btfm4rs/src/train_multi_xpu.py", line 486, in <module>
[rank2]:     main()
[rank2]:   File "/rds/user/zf281/hpc-work/Files/btfm4rs/src/train_multi_xpu.py", line 138, in main
[rank2]:     with open(args_cli.config, "r") as f:
[rank2]: FileNotFoundError: [Errno 2] No such file or directory: 'configs/ssl_config.py'
[rank5]: Traceback (most recent call last):
[rank5]:   File "/rds/user/zf281/hpc-work/Files/btfm4rs/src/train_multi_xpu.py", line 486, in <module>
[rank5]:     main()
[rank5]:   File "/rds/user/zf281/hpc-work/Files/btfm4rs/src/train_multi_xpu.py", line 138, in main
[rank5]:     with open(args_cli.config, "r") as f:
[rank5]: FileNotFoundError: [Errno 2] No such file or directory: 'configs/ssl_config.py'
[rank7]: Traceback (most recent call last):
[rank7]:   File "/rds/user/zf281/hpc-work/Files/btfm4rs/src/train_multi_xpu.py", line 486, in <module>
[rank7]:     main()
[rank7]:   File "/rds/user/zf281/hpc-work/Files/btfm4rs/src/train_multi_xpu.py", line 138, in main
[rank7]:     with open(args_cli.config, "r") as f:
[rank7]: FileNotFoundError: [Errno 2] No such file or directory: 'configs/ssl_config.py'
[rank0]: Traceback (most recent call last):
[rank0]:   File "/rds/user/zf281/hpc-work/Files/btfm4rs/src/train_multi_xpu.py", line 486, in <module>
[rank0]:     main()
[rank0]:   File "/rds/user/zf281/hpc-work/Files/btfm4rs/src/train_multi_xpu.py", line 138, in main
[rank0]:     with open(args_cli.config, "r") as f:
[rank0]: FileNotFoundError: [Errno 2] No such file or directory: 'configs/ssl_config.py'
[W224 22:51:45.114032817 OperatorEntry.cpp:155] Warning: Warning only once for all operators,  other operators may also be overridden.
  Overriding a previously registered kernel for the same operator and the same dispatch key
  operator: aten::_cummax_helper(Tensor self, Tensor(a!) values, Tensor(b!) indices, int dim) -> ()
    registered at /build/pytorch/build/aten/src/ATen/RegisterSchema.cpp:6
  dispatch key: XPU
  previous kernel: registered at /build/pytorch/build/aten/src/ATen/RegisterCPU.cpp:30476
       new kernel: registered at /build/intel-pytorch-extension/build/Release/csrc/gpu/csrc/aten/generated/ATen/RegisterXPU.cpp:2971 (function operator())
[W224 22:51:45.288586858 OperatorEntry.cpp:155] Warning: Warning only once for all operators,  other operators may also be overridden.
  Overriding a previously registered kernel for the same operator and the same dispatch key
  operator: aten::_cummax_helper(Tensor self, Tensor(a!) values, Tensor(b!) indices, int dim) -> ()
    registered at /build/pytorch/build/aten/src/ATen/RegisterSchema.cpp:6
  dispatch key: XPU
  previous kernel: registered at /build/pytorch/build/aten/src/ATen/RegisterCPU.cpp:30476
       new kernel: registered at /build/intel-pytorch-extension/build/Release/csrc/gpu/csrc/aten/generated/ATen/RegisterXPU.cpp:2971 (function operator())
[W224 22:51:45.289162721 OperatorEntry.cpp:155] Warning: Warning only once for all operators,  other operators may also be overridden.
  Overriding a previously registered kernel for the same operator and the same dispatch key
  operator: aten::_cummax_helper(Tensor self, Tensor(a!) values, Tensor(b!) indices, int dim) -> ()
    registered at /build/pytorch/build/aten/src/ATen/RegisterSchema.cpp:6
  dispatch key: XPU
  previous kernel: registered at /build/pytorch/build/aten/src/ATen/RegisterCPU.cpp:30476
       new kernel: registered at /build/intel-pytorch-extension/build/Release/csrc/gpu/csrc/aten/generated/ATen/RegisterXPU.cpp:2971 (function operator())
[W224 22:51:45.289746325 OperatorEntry.cpp:155] Warning: Warning only once for all operators,  other operators may also be overridden.
  Overriding a previously registered kernel for the same operator and the same dispatch key
  operator: aten::_cummax_helper(Tensor self, Tensor(a!) values, Tensor(b!) indices, int dim) -> ()
    registered at /build/pytorch/build/aten/src/ATen/RegisterSchema.cpp:6
  dispatch key: XPU
  previous kernel: registered at /build/pytorch/build/aten/src/ATen/RegisterCPU.cpp:30476
       new kernel: registered at /build/intel-pytorch-extension/build/Release/csrc/gpu/csrc/aten/generated/ATen/RegisterXPU.cpp:2971 (function operator())
[W224 22:51:45.472891633 OperatorEntry.cpp:155] Warning: Warning only once for all operators,  other operators may also be overridden.
  Overriding a previously registered kernel for the same operator and the same dispatch key
  operator: aten::_cummax_helper(Tensor self, Tensor(a!) values, Tensor(b!) indices, int dim) -> ()
    registered at /build/pytorch/build/aten/src/ATen/RegisterSchema.cpp:6
  dispatch key: XPU
  previous kernel: registered at /build/pytorch/build/aten/src/ATen/RegisterCPU.cpp:30476
       new kernel: registered at /build/intel-pytorch-extension/build/Release/csrc/gpu/csrc/aten/generated/ATen/RegisterXPU.cpp:2971 (function operator())
[W224 22:51:45.551388091 OperatorEntry.cpp:155] Warning: Warning only once for all operators,  other operators may also be overridden.
  Overriding a previously registered kernel for the same operator and the same dispatch key
  operator: aten::_cummax_helper(Tensor self, Tensor(a!) values, Tensor(b!) indices, int dim) -> ()
    registered at /build/pytorch/build/aten/src/ATen/RegisterSchema.cpp:6
  dispatch key: XPU
  previous kernel: registered at /build/pytorch/build/aten/src/ATen/RegisterCPU.cpp:30476
       new kernel: registered at /build/intel-pytorch-extension/build/Release/csrc/gpu/csrc/aten/generated/ATen/RegisterXPU.cpp:2971 (function operator())
[W224 22:51:45.665153689 OperatorEntry.cpp:155] Warning: Warning only once for all operators,  other operators may also be overridden.
  Overriding a previously registered kernel for the same operator and the same dispatch key
  operator: aten::_cummax_helper(Tensor self, Tensor(a!) values, Tensor(b!) indices, int dim) -> ()
    registered at /build/pytorch/build/aten/src/ATen/RegisterSchema.cpp:6
  dispatch key: XPU
  previous kernel: registered at /build/pytorch/build/aten/src/ATen/RegisterCPU.cpp:30476
       new kernel: registered at /build/intel-pytorch-extension/build/Release/csrc/gpu/csrc/aten/generated/ATen/RegisterXPU.cpp:2971 (function operator())
[W224 22:51:46.932817693 OperatorEntry.cpp:155] Warning: Warning only once for all operators,  other operators may also be overridden.
  Overriding a previously registered kernel for the same operator and the same dispatch key
  operator: aten::_cummax_helper(Tensor self, Tensor(a!) values, Tensor(b!) indices, int dim) -> ()
    registered at /build/pytorch/build/aten/src/ATen/RegisterSchema.cpp:6
  dispatch key: XPU
  previous kernel: registered at /build/pytorch/build/aten/src/ATen/RegisterCPU.cpp:30476
       new kernel: registered at /build/intel-pytorch-extension/build/Release/csrc/gpu/csrc/aten/generated/ATen/RegisterXPU.cpp:2971 (function operator())
[rank3]: Traceback (most recent call last):
[rank3]:   File "/rds/user/zf281/hpc-work/Files/btfm4rs/src/train_multi_xpu.py", line 486, in <module>
[rank3]:     main()
[rank3]:   File "/rds/user/zf281/hpc-work/Files/btfm4rs/src/train_multi_xpu.py", line 138, in main
[rank3]:     with open(args_cli.config, "r") as f:
[rank3]: FileNotFoundError: [Errno 2] No such file or directory: 'configs/ssl_config.py'
[rank2]: Traceback (most recent call last):
[rank2]:   File "/rds/user/zf281/hpc-work/Files/btfm4rs/src/train_multi_xpu.py", line 486, in <module>
[rank2]:     main()
[rank2]:   File "/rds/user/zf281/hpc-work/Files/btfm4rs/src/train_multi_xpu.py", line 138, in main
[rank2]:     with open(args_cli.config, "r") as f:
[rank2]: FileNotFoundError: [Errno 2] No such file or directory: 'configs/ssl_config.py'
[rank6]: Traceback (most recent call last):
[rank6]:   File "/rds/user/zf281/hpc-work/Files/btfm4rs/src/train_multi_xpu.py", line 486, in <module>
[rank6]:     main()
[rank6]:   File "/rds/user/zf281/hpc-work/Files/btfm4rs/src/train_multi_xpu.py", line 138, in main
[rank6]:     with open(args_cli.config, "r") as f:
[rank6]: FileNotFoundError: [Errno 2] No such file or directory: 'configs/ssl_config.py'
[rank5]: Traceback (most recent call last):
[rank5]:   File "/rds/user/zf281/hpc-work/Files/btfm4rs/src/train_multi_xpu.py", line 486, in <module>
[rank5]:     main()
[rank5]:   File "/rds/user/zf281/hpc-work/Files/btfm4rs/src/train_multi_xpu.py", line 138, in main
[rank5]:     with open(args_cli.config, "r") as f:
[rank5]: FileNotFoundError: [Errno 2] No such file or directory: 'configs/ssl_config.py'
[rank4]: Traceback (most recent call last):
[rank4]:   File "/rds/user/zf281/hpc-work/Files/btfm4rs/src/train_multi_xpu.py", line 486, in <module>
[rank4]:     main()
[rank4]:   File "/rds/user/zf281/hpc-work/Files/btfm4rs/src/train_multi_xpu.py", line 138, in main
[rank4]:     with open(args_cli.config, "r") as f:
[rank4]: FileNotFoundError: [Errno 2] No such file or directory: 'configs/ssl_config.py'
[rank1]: Traceback (most recent call last):
[rank1]:   File "/rds/user/zf281/hpc-work/Files/btfm4rs/src/train_multi_xpu.py", line 486, in <module>
[rank1]:     main()
[rank1]:   File "/rds/user/zf281/hpc-work/Files/btfm4rs/src/train_multi_xpu.py", line 138, in main
[rank1]:     with open(args_cli.config, "r") as f:
[rank1]: FileNotFoundError: [Errno 2] No such file or directory: 'configs/ssl_config.py'
[rank7]: Traceback (most recent call last):
[rank7]:   File "/rds/user/zf281/hpc-work/Files/btfm4rs/src/train_multi_xpu.py", line 486, in <module>
[rank7]:     main()
[rank7]:   File "/rds/user/zf281/hpc-work/Files/btfm4rs/src/train_multi_xpu.py", line 138, in main
[rank7]:     with open(args_cli.config, "r") as f:
[rank7]: FileNotFoundError: [Errno 2] No such file or directory: 'configs/ssl_config.py'
[rank0]: Traceback (most recent call last):
[rank0]:   File "/rds/user/zf281/hpc-work/Files/btfm4rs/src/train_multi_xpu.py", line 486, in <module>
[rank0]:     main()
[rank0]:   File "/rds/user/zf281/hpc-work/Files/btfm4rs/src/train_multi_xpu.py", line 138, in main
[rank0]:     with open(args_cli.config, "r") as f:
[rank0]: FileNotFoundError: [Errno 2] No such file or directory: 'configs/ssl_config.py'
