/home/zf281/rds/hpc-work/Softwares/anaconda3/envs/btfm-my/bin/python
/usr/local/dawn/software/spack/spack-views/dawn-2024-12-29/intel-oneapi-mpi-2021.14.1/oneapi-2025.0.4/6qxeyc5cbspktzrl5gridu4upeadalmr/mpi/2021.14/bin/mpirun
Running on node: pvc-s-233
Allocated GPUs:
[level_zero:gpu][level_zero:0] Intel(R) oneAPI Unified Runtime over Level-Zero, Intel(R) Data Center GPU Max 1550 12.60.7 [1.3.27642]
[level_zero:gpu][level_zero:1] Intel(R) oneAPI Unified Runtime over Level-Zero, Intel(R) Data Center GPU Max 1550 12.60.7 [1.3.27642]
[level_zero:gpu][level_zero:2] Intel(R) oneAPI Unified Runtime over Level-Zero, Intel(R) Data Center GPU Max 1550 12.60.7 [1.3.27642]
[level_zero:gpu][level_zero:3] Intel(R) oneAPI Unified Runtime over Level-Zero, Intel(R) Data Center GPU Max 1550 12.60.7 [1.3.27642]
[level_zero:gpu][level_zero:4] Intel(R) oneAPI Unified Runtime over Level-Zero, Intel(R) Data Center GPU Max 1550 12.60.7 [1.3.27642]
[level_zero:gpu][level_zero:5] Intel(R) oneAPI Unified Runtime over Level-Zero, Intel(R) Data Center GPU Max 1550 12.60.7 [1.3.27642]
[level_zero:gpu][level_zero:6] Intel(R) oneAPI Unified Runtime over Level-Zero, Intel(R) Data Center GPU Max 1550 12.60.7 [1.3.27642]
[level_zero:gpu][level_zero:7] Intel(R) oneAPI Unified Runtime over Level-Zero, Intel(R) Data Center GPU Max 1550 12.60.7 [1.3.27642]
[opencl:gpu][opencl:0] Intel(R) OpenCL Graphics, Intel(R) Data Center GPU Max 1550 OpenCL 3.0 NEO  [23.43.27642.66]
[opencl:gpu][opencl:1] Intel(R) OpenCL Graphics, Intel(R) Data Center GPU Max 1550 OpenCL 3.0 NEO  [23.43.27642.66]
[opencl:gpu][opencl:2] Intel(R) OpenCL Graphics, Intel(R) Data Center GPU Max 1550 OpenCL 3.0 NEO  [23.43.27642.66]
[opencl:gpu][opencl:3] Intel(R) OpenCL Graphics, Intel(R) Data Center GPU Max 1550 OpenCL 3.0 NEO  [23.43.27642.66]
[opencl:gpu][opencl:4] Intel(R) OpenCL Graphics, Intel(R) Data Center GPU Max 1550 OpenCL 3.0 NEO  [23.43.27642.66]
[opencl:gpu][opencl:5] Intel(R) OpenCL Graphics, Intel(R) Data Center GPU Max 1550 OpenCL 3.0 NEO  [23.43.27642.66]
[opencl:gpu][opencl:6] Intel(R) OpenCL Graphics, Intel(R) Data Center GPU Max 1550 OpenCL 3.0 NEO  [23.43.27642.66]
[opencl:gpu][opencl:7] Intel(R) OpenCL Graphics, Intel(R) Data Center GPU Max 1550 OpenCL 3.0 NEO  [23.43.27642.66]
My guessed rank = 0
My guessed rank = 1
My guessed rank = 2
My guessed rank = 3
My guessed rank = 4
My guessed rank = 6
My guessed rank = 7
My guessed rank = 5
2025:02:24-23:02:15:( 8194) |CCL_WARN| pidfd is not supported, fallbacks to drmfd exchange mode
2025:02:24-23:02:15:( 8195) |CCL_WARN| pidfd is not supported, fallbacks to drmfd exchange mode
2025:02:24-23:02:15:( 8196) |CCL_WARN| pidfd is not supported, fallbacks to drmfd exchange mode
2025:02:24-23:02:15:( 8197) |CCL_WARN| pidfd is not supported, fallbacks to drmfd exchange mode
2025:02:24-23:02:15:( 8198) |CCL_WARN| pidfd is not supported, fallbacks to drmfd exchange mode
2025:02:24-23:02:15:( 8199) |CCL_WARN| pidfd is not supported, fallbacks to drmfd exchange mode
2025:02:24-23:02:15:( 8200) |CCL_WARN| pidfd is not supported, fallbacks to drmfd exchange mode
2025:02:24-23:02:15:( 8201) |CCL_WARN| pidfd is not supported, fallbacks to drmfd exchange mode
